{"/home/travis/build/npmtest/node-npmtest-swarm/test.js":{"path":"/home/travis/build/npmtest/node-npmtest-swarm/test.js","s":{"1":2,"2":2,"3":2,"4":2,"5":2,"6":2,"7":2,"8":1,"9":2,"10":2,"11":1,"12":1,"13":1,"14":1,"15":2,"16":2,"17":2,"18":2,"19":1,"20":1,"21":2,"22":2,"23":2,"24":1,"25":1,"26":1,"27":1,"28":1,"29":1,"30":1,"31":1,"32":1,"33":1,"34":1,"35":1,"36":1,"37":1,"38":1,"39":2,"40":2,"41":1,"42":2,"43":2,"44":1,"45":2,"46":2,"47":1,"48":2,"49":2,"50":1,"51":1,"52":1,"53":1,"54":1},"b":{"1":[2,1,1,1],"2":[1,1,1,1],"3":[1,1],"4":[1,1],"5":[1,1],"6":[1,1],"7":[1,1],"8":[1,1],"9":[1,1],"10":[1,1,1],"11":[1,1],"12":[1,1],"13":[1,1],"14":[1,1],"15":[1,1],"16":[1,1],"17":[1,1]},"f":{"1":2,"2":2,"3":2,"4":2,"5":2,"6":1,"7":1,"8":1,"9":2,"10":2,"11":2,"12":2,"13":1},"fnMap":{"1":{"name":"(anonymous_1)","line":12,"loc":{"start":{"line":12,"column":1},"end":{"line":12,"column":13}}},"2":{"name":"(anonymous_2)","line":19,"loc":{"start":{"line":19,"column":5},"end":{"line":19,"column":17}}},"3":{"name":"(anonymous_3)","line":23,"loc":{"start":{"line":23,"column":24},"end":{"line":23,"column":36}}},"4":{"name":"(anonymous_4)","line":61,"loc":{"start":{"line":61,"column":5},"end":{"line":61,"column":17}}},"5":{"name":"(anonymous_5)","line":82,"loc":{"start":{"line":82,"column":5},"end":{"line":82,"column":17}}},"6":{"name":"(anonymous_6)","line":91,"loc":{"start":{"line":91,"column":77},"end":{"line":94,"column":10}}},"7":{"name":"(anonymous_7)","line":112,"loc":{"start":{"line":112,"column":83},"end":{"line":115,"column":10}},"skip":true},"8":{"name":"(anonymous_8)","line":123,"loc":{"start":{"line":123,"column":77},"end":{"line":126,"column":10}},"skip":true},"9":{"name":"(anonymous_9)","line":139,"loc":{"start":{"line":139,"column":12},"end":{"line":139,"column":40}},"skip":true},"10":{"name":"(anonymous_10)","line":147,"loc":{"start":{"line":147,"column":77},"end":{"line":150,"column":10}},"skip":true},"11":{"name":"(anonymous_11)","line":158,"loc":{"start":{"line":158,"column":83},"end":{"line":161,"column":10}},"skip":true},"12":{"name":"(anonymous_12)","line":169,"loc":{"start":{"line":169,"column":79},"end":{"line":172,"column":10}},"skip":true},"13":{"name":"(anonymous_13)","line":180,"loc":{"start":{"line":180,"column":75},"end":{"line":183,"column":10}},"skip":true}},"statementMap":{"1":{"start":{"line":12,"column":0},"end":{"line":195,"column":5}},"2":{"start":{"line":14,"column":4},"end":{"line":14,"column":14}},"3":{"start":{"line":19,"column":4},"end":{"line":56,"column":9}},"4":{"start":{"line":21,"column":8},"end":{"line":21,"column":19}},"5":{"start":{"line":23,"column":8},"end":{"line":35,"column":13}},"6":{"start":{"line":24,"column":12},"end":{"line":34,"column":13}},"7":{"start":{"line":25,"column":16},"end":{"line":28,"column":30}},"8":{"start":{"line":30,"column":16},"end":{"line":33,"column":27}},"9":{"start":{"line":37,"column":8},"end":{"line":39,"column":21}},"10":{"start":{"line":40,"column":8},"end":{"line":53,"column":9}},"11":{"start":{"line":43,"column":12},"end":{"line":46,"column":14}},"12":{"start":{"line":47,"column":12},"end":{"line":47,"column":18}},"13":{"start":{"line":50,"column":12},"end":{"line":51,"column":33}},"14":{"start":{"line":52,"column":12},"end":{"line":52,"column":18}},"15":{"start":{"line":55,"column":8},"end":{"line":55,"column":35}},"16":{"start":{"line":61,"column":4},"end":{"line":63,"column":9}},"17":{"start":{"line":62,"column":8},"end":{"line":62,"column":15}},"18":{"start":{"line":64,"column":4},"end":{"line":77,"column":5}},"19":{"start":{"line":70,"column":8},"end":{"line":70,"column":14}},"20":{"start":{"line":76,"column":8},"end":{"line":76,"column":14}},"21":{"start":{"line":82,"column":4},"end":{"line":84,"column":9}},"22":{"start":{"line":83,"column":8},"end":{"line":83,"column":15}},"23":{"start":{"line":85,"column":4},"end":{"line":194,"column":5}},"24":{"start":{"line":91,"column":8},"end":{"line":99,"column":10}},"25":{"start":{"line":98,"column":12},"end":{"line":98,"column":35}},"26":{"start":{"line":102,"column":8},"end":{"line":104,"column":63}},"27":{"start":{"line":105,"column":8},"end":{"line":105,"column":14}},"28":{"start":{"line":112,"column":8},"end":{"line":121,"column":10},"skip":true},"29":{"start":{"line":119,"column":12},"end":{"line":119,"column":55},"skip":true},"30":{"start":{"line":120,"column":12},"end":{"line":120,"column":48},"skip":true},"31":{"start":{"line":123,"column":8},"end":{"line":136,"column":10},"skip":true},"32":{"start":{"line":130,"column":12},"end":{"line":130,"column":76},"skip":true},"33":{"start":{"line":131,"column":12},"end":{"line":131,"column":73},"skip":true},"34":{"start":{"line":132,"column":12},"end":{"line":132,"column":74},"skip":true},"35":{"start":{"line":133,"column":12},"end":{"line":133,"column":79},"skip":true},"36":{"start":{"line":134,"column":12},"end":{"line":134,"column":25},"skip":true},"37":{"start":{"line":135,"column":12},"end":{"line":135,"column":45},"skip":true},"38":{"start":{"line":138,"column":8},"end":{"line":145,"column":14},"skip":true},"39":{"start":{"line":143,"column":16},"end":{"line":143,"column":29},"skip":true},"40":{"start":{"line":144,"column":16},"end":{"line":144,"column":55},"skip":true},"41":{"start":{"line":147,"column":8},"end":{"line":156,"column":10},"skip":true},"42":{"start":{"line":154,"column":12},"end":{"line":154,"column":25},"skip":true},"43":{"start":{"line":155,"column":12},"end":{"line":155,"column":45},"skip":true},"44":{"start":{"line":158,"column":8},"end":{"line":167,"column":10},"skip":true},"45":{"start":{"line":165,"column":12},"end":{"line":165,"column":25},"skip":true},"46":{"start":{"line":166,"column":12},"end":{"line":166,"column":48},"skip":true},"47":{"start":{"line":169,"column":8},"end":{"line":178,"column":10},"skip":true},"48":{"start":{"line":176,"column":12},"end":{"line":176,"column":25},"skip":true},"49":{"start":{"line":177,"column":12},"end":{"line":177,"column":46},"skip":true},"50":{"start":{"line":180,"column":8},"end":{"line":189,"column":10},"skip":true},"51":{"start":{"line":187,"column":12},"end":{"line":187,"column":94},"skip":true},"52":{"start":{"line":188,"column":12},"end":{"line":188,"column":48},"skip":true},"53":{"start":{"line":192,"column":8},"end":{"line":192,"column":35},"skip":true},"54":{"start":{"line":193,"column":8},"end":{"line":193,"column":14},"skip":true}},"branchMap":{"1":{"line":25,"type":"binary-expr","locations":[{"start":{"line":25,"column":23},"end":{"line":25,"column":62}},{"start":{"line":26,"column":20},"end":{"line":26,"column":70}},{"start":{"line":27,"column":20},"end":{"line":27,"column":71}},{"start":{"line":28,"column":20},"end":{"line":28,"column":29}}]},"2":{"line":30,"type":"binary-expr","locations":[{"start":{"line":30,"column":23},"end":{"line":30,"column":37}},{"start":{"line":31,"column":20},"end":{"line":31,"column":61}},{"start":{"line":32,"column":20},"end":{"line":32,"column":70}},{"start":{"line":33,"column":20},"end":{"line":33,"column":26}}]},"3":{"line":37,"type":"cond-expr","locations":[{"start":{"line":38,"column":14},"end":{"line":38,"column":20}},{"start":{"line":39,"column":14},"end":{"line":39,"column":20}}]},"4":{"line":40,"type":"switch","locations":[{"start":{"line":42,"column":8},"end":{"line":47,"column":18}},{"start":{"line":49,"column":8},"end":{"line":52,"column":18}}]},"5":{"line":44,"type":"binary-expr","locations":[{"start":{"line":44,"column":16},"end":{"line":44,"column":44}},{"start":{"line":44,"column":48},"end":{"line":44,"column":66}}]},"6":{"line":50,"type":"binary-expr","locations":[{"start":{"line":50,"column":21},"end":{"line":50,"column":49}},{"start":{"line":50,"column":53},"end":{"line":50,"column":72}}]},"7":{"line":64,"type":"switch","locations":[{"start":{"line":69,"column":4},"end":{"line":70,"column":14}},{"start":{"line":75,"column":4},"end":{"line":76,"column":14}}]},"8":{"line":85,"type":"switch","locations":[{"start":{"line":90,"column":4},"end":{"line":105,"column":14}},{"start":{"line":111,"column":4},"end":{"line":193,"column":14},"skip":true}]},"9":{"line":91,"type":"binary-expr","locations":[{"start":{"line":91,"column":42},"end":{"line":91,"column":73}},{"start":{"line":91,"column":77},"end":{"line":99,"column":9}}]},"10":{"line":102,"type":"binary-expr","locations":[{"start":{"line":102,"column":18},"end":{"line":102,"column":32}},{"start":{"line":103,"column":12},"end":{"line":103,"column":53}},{"start":{"line":104,"column":12},"end":{"line":104,"column":61}}]},"11":{"line":112,"type":"binary-expr","locations":[{"start":{"line":112,"column":45},"end":{"line":112,"column":79},"skip":true},{"start":{"line":112,"column":83},"end":{"line":121,"column":9},"skip":true}]},"12":{"line":123,"type":"binary-expr","locations":[{"start":{"line":123,"column":42},"end":{"line":123,"column":73},"skip":true},{"start":{"line":123,"column":77},"end":{"line":136,"column":9},"skip":true}]},"13":{"line":138,"type":"binary-expr","locations":[{"start":{"line":138,"column":48},"end":{"line":138,"column":85},"skip":true},{"start":{"line":139,"column":12},"end":{"line":145,"column":13},"skip":true}]},"14":{"line":147,"type":"binary-expr","locations":[{"start":{"line":147,"column":42},"end":{"line":147,"column":73},"skip":true},{"start":{"line":147,"column":77},"end":{"line":156,"column":9},"skip":true}]},"15":{"line":158,"type":"binary-expr","locations":[{"start":{"line":158,"column":45},"end":{"line":158,"column":79},"skip":true},{"start":{"line":158,"column":83},"end":{"line":167,"column":9},"skip":true}]},"16":{"line":169,"type":"binary-expr","locations":[{"start":{"line":169,"column":43},"end":{"line":169,"column":75},"skip":true},{"start":{"line":169,"column":79},"end":{"line":178,"column":9},"skip":true}]},"17":{"line":180,"type":"binary-expr","locations":[{"start":{"line":180,"column":41},"end":{"line":180,"column":71},"skip":true},{"start":{"line":180,"column":75},"end":{"line":189,"column":9},"skip":true}]}},"code":["/* istanbul instrument in package npmtest_swarm */","/*jslint","    bitwise: true,","    browser: true,","    maxerr: 8,","    maxlen: 96,","    node: true,","    nomen: true,","    regexp: true,","    stupid: true","*/","(function () {","    'use strict';","    var local;","","","","    // run shared js-env code - init-before","    (function () {","        // init local","        local = {};","        // init modeJs","        local.modeJs = (function () {","            try {","                return typeof navigator.userAgent === 'string' &&","                    typeof document.querySelector('body') === 'object' &&","                    typeof XMLHttpRequest.prototype.open === 'function' &&","                    'browser';","            } catch (errorCaughtBrowser) {","                return module.exports &&","                    typeof process.versions.node === 'string' &&","                    typeof require('http').createServer === 'function' &&","                    'node';","            }","        }());","        // init global","        local.global = local.modeJs === 'browser'","            ? window","            : global;","        switch (local.modeJs) {","        // re-init local from window.local","        case 'browser':","            local = local.global.utility2.objectSetDefault(","                local.global.utility2_rollup || local.global.local,","                local.global.utility2","            );","            break;","        // re-init local from example.js","        case 'node':","            local = (local.global.utility2_rollup || require('utility2'))","                .requireReadme();","            break;","        }","        // export local","        local.global.local = local;","    }());","","","","    // run shared js-env code - function","    (function () {","        return;","    }());","    switch (local.modeJs) {","","","","    // run browser js-env code - function","    case 'browser':","        break;","","","","    // run node js-env code - function","    case 'node':","        break;","    }","","","","    // run shared js-env code - init-after","    (function () {","        return;","    }());","    switch (local.modeJs) {","","","","    // run browser js-env code - init-after","    case 'browser':","        local.testCase_browser_nullCase = local.testCase_browser_nullCase || function (","            options,","            onError","        ) {","        /*","         * this function will test browsers's null-case handling-behavior-behavior","         */","            onError(null, options);","        };","","        // run tests","        local.nop(local.modeTest &&","            document.querySelector('#testRunButton1') &&","            document.querySelector('#testRunButton1').click());","        break;","","","","    // run node js-env code - init-after","    /* istanbul ignore next */","    case 'node':","        local.testCase_buildApidoc_default = local.testCase_buildApidoc_default || function (","            options,","            onError","        ) {","        /*","         * this function will test buildApidoc's default handling-behavior-behavior","         */","            options = { modulePathList: module.paths };","            local.buildApidoc(options, onError);","        };","","        local.testCase_buildApp_default = local.testCase_buildApp_default || function (","            options,","            onError","        ) {","        /*","         * this function will test buildApp's default handling-behavior-behavior","         */","            local.testCase_buildReadme_default(options, local.onErrorThrow);","            local.testCase_buildLib_default(options, local.onErrorThrow);","            local.testCase_buildTest_default(options, local.onErrorThrow);","            local.testCase_buildCustomOrg_default(options, local.onErrorThrow);","            options = [];","            local.buildApp(options, onError);","        };","","        local.testCase_buildCustomOrg_default = local.testCase_buildCustomOrg_default ||","            function (options, onError) {","            /*","             * this function will test buildCustomOrg's default handling-behavior","             */","                options = {};","                local.buildCustomOrg(options, onError);","            };","","        local.testCase_buildLib_default = local.testCase_buildLib_default || function (","            options,","            onError","        ) {","        /*","         * this function will test buildLib's default handling-behavior","         */","            options = {};","            local.buildLib(options, onError);","        };","","        local.testCase_buildReadme_default = local.testCase_buildReadme_default || function (","            options,","            onError","        ) {","        /*","         * this function will test buildReadme's default handling-behavior-behavior","         */","            options = {};","            local.buildReadme(options, onError);","        };","","        local.testCase_buildTest_default = local.testCase_buildTest_default || function (","            options,","            onError","        ) {","        /*","         * this function will test buildTest's default handling-behavior","         */","            options = {};","            local.buildTest(options, onError);","        };","","        local.testCase_webpage_default = local.testCase_webpage_default || function (","            options,","            onError","        ) {","        /*","         * this function will test webpage's default handling-behavior","         */","            options = { modeCoverageMerge: true, url: local.serverLocalHost + '?modeTest=1' };","            local.browserTest(options, onError);","        };","","        // run test-server","        local.testRunServer(local);","        break;","    }","}());",""],"l":{"12":2,"14":2,"19":2,"21":2,"23":2,"24":2,"25":2,"30":1,"37":2,"40":2,"43":1,"47":1,"50":1,"52":1,"55":2,"61":2,"62":2,"64":2,"70":1,"76":1,"82":2,"83":2,"85":2,"91":1,"98":1,"102":1,"105":1,"112":1,"119":1,"120":1,"123":1,"130":1,"131":1,"132":1,"133":1,"134":1,"135":1,"138":1,"143":2,"144":2,"147":1,"154":2,"155":2,"158":1,"165":2,"166":2,"169":1,"176":2,"177":2,"180":1,"187":1,"188":1,"192":1,"193":1}},"/home/travis/build/npmtest/node-npmtest-swarm/lib.npmtest_swarm.js":{"path":"/home/travis/build/npmtest/node-npmtest-swarm/lib.npmtest_swarm.js","s":{"1":2,"2":2,"3":2,"4":2,"5":2,"6":2,"7":2,"8":1,"9":2,"10":2,"11":2,"12":2,"13":1,"14":1,"15":1,"16":1},"b":{"1":[2,1,1,1],"2":[1,1,1,1],"3":[1,1],"4":[2,2],"5":[1,1]},"f":{"1":2,"2":2,"3":2},"fnMap":{"1":{"name":"(anonymous_1)","line":12,"loc":{"start":{"line":12,"column":1},"end":{"line":12,"column":13}}},"2":{"name":"(anonymous_2)","line":19,"loc":{"start":{"line":19,"column":5},"end":{"line":19,"column":17}}},"3":{"name":"(anonymous_3)","line":23,"loc":{"start":{"line":23,"column":24},"end":{"line":23,"column":36}}}},"statementMap":{"1":{"start":{"line":12,"column":0},"end":{"line":53,"column":5}},"2":{"start":{"line":14,"column":4},"end":{"line":14,"column":14}},"3":{"start":{"line":19,"column":4},"end":{"line":52,"column":9}},"4":{"start":{"line":21,"column":8},"end":{"line":21,"column":19}},"5":{"start":{"line":23,"column":8},"end":{"line":35,"column":13}},"6":{"start":{"line":24,"column":12},"end":{"line":34,"column":13}},"7":{"start":{"line":25,"column":16},"end":{"line":28,"column":30}},"8":{"start":{"line":30,"column":16},"end":{"line":33,"column":27}},"9":{"start":{"line":37,"column":8},"end":{"line":39,"column":21}},"10":{"start":{"line":41,"column":8},"end":{"line":41,"column":54}},"11":{"start":{"line":43,"column":8},"end":{"line":43,"column":50}},"12":{"start":{"line":45,"column":8},"end":{"line":51,"column":9}},"13":{"start":{"line":46,"column":12},"end":{"line":46,"column":56}},"14":{"start":{"line":48,"column":12},"end":{"line":48,"column":35}},"15":{"start":{"line":49,"column":12},"end":{"line":49,"column":49}},"16":{"start":{"line":50,"column":12},"end":{"line":50,"column":43}}},"branchMap":{"1":{"line":25,"type":"binary-expr","locations":[{"start":{"line":25,"column":23},"end":{"line":25,"column":62}},{"start":{"line":26,"column":20},"end":{"line":26,"column":70}},{"start":{"line":27,"column":20},"end":{"line":27,"column":71}},{"start":{"line":28,"column":20},"end":{"line":28,"column":29}}]},"2":{"line":30,"type":"binary-expr","locations":[{"start":{"line":30,"column":23},"end":{"line":30,"column":37}},{"start":{"line":31,"column":20},"end":{"line":31,"column":61}},{"start":{"line":32,"column":20},"end":{"line":32,"column":70}},{"start":{"line":33,"column":20},"end":{"line":33,"column":26}}]},"3":{"line":37,"type":"cond-expr","locations":[{"start":{"line":38,"column":14},"end":{"line":38,"column":20}},{"start":{"line":39,"column":14},"end":{"line":39,"column":20}}]},"4":{"line":41,"type":"binary-expr","locations":[{"start":{"line":41,"column":16},"end":{"line":41,"column":44}},{"start":{"line":41,"column":48},"end":{"line":41,"column":53}}]},"5":{"line":45,"type":"if","locations":[{"start":{"line":45,"column":8},"end":{"line":45,"column":8}},{"start":{"line":45,"column":8},"end":{"line":45,"column":8}}]}},"code":["/* istanbul instrument in package npmtest_swarm */","/*jslint","    bitwise: true,","    browser: true,","    maxerr: 8,","    maxlen: 96,","    node: true,","    nomen: true,","    regexp: true,","    stupid: true","*/","(function () {","    'use strict';","    var local;","","","","    // run shared js-env code - init-before","    (function () {","        // init local","        local = {};","        // init modeJs","        local.modeJs = (function () {","            try {","                return typeof navigator.userAgent === 'string' &&","                    typeof document.querySelector('body') === 'object' &&","                    typeof XMLHttpRequest.prototype.open === 'function' &&","                    'browser';","            } catch (errorCaughtBrowser) {","                return module.exports &&","                    typeof process.versions.node === 'string' &&","                    typeof require('http').createServer === 'function' &&","                    'node';","            }","        }());","        // init global","        local.global = local.modeJs === 'browser'","            ? window","            : global;","        // init utility2_rollup","        local = local.global.utility2_rollup || local;","        // init lib","        local.local = local.npmtest_swarm = local;","        // init exports","        if (local.modeJs === 'browser') {","            local.global.utility2_npmtest_swarm = local;","        } else {","            module.exports = local;","            module.exports.__dirname = __dirname;","            module.exports.module = module;","        }","    }());","}());",""],"l":{"12":2,"14":2,"19":2,"21":2,"23":2,"24":2,"25":2,"30":1,"37":2,"41":2,"43":2,"45":2,"46":1,"48":1,"49":1,"50":1}},"/home/travis/build/npmtest/node-npmtest-swarm/example.js":{"path":"/home/travis/build/npmtest/node-npmtest-swarm/example.js","s":{"1":2,"2":2,"3":2,"4":2,"5":2,"6":2,"7":2,"8":1,"9":2,"10":2,"11":2,"12":2,"13":1,"14":2,"15":2,"16":2,"17":2,"18":2,"19":0,"20":2,"21":1,"22":1,"23":1,"24":1,"25":1,"26":0,"27":0,"28":1,"29":1,"30":2,"31":0,"32":0,"33":0,"34":1,"35":2,"36":2,"37":3,"38":3,"39":3,"40":3,"41":0,"42":3,"43":3,"44":3,"45":1,"46":3,"47":1,"48":1,"49":1,"50":1,"51":1,"52":1,"53":1,"54":1,"55":1,"56":1,"57":0,"58":1,"59":6,"60":6,"61":1,"62":2,"63":0,"64":2,"65":1,"66":1,"67":0,"68":0,"69":0,"70":0,"71":0,"72":0,"73":0,"74":0,"75":0,"76":0,"77":0,"78":0,"79":0,"80":0,"81":0,"82":0,"83":0},"b":{"1":[2,1,1,1],"2":[1,1,1,1],"3":[1,1],"4":[2,2],"5":[1,1],"6":[1,1],"7":[2,0],"8":[2,1,1,1,1,1],"9":[0,2,0],"10":[1,1],"11":[2,1,1],"12":[1,0],"13":[0,2],"14":[2,0,0,0,0,0,0],"15":[0,3],"16":[3,0],"17":[1,1],"18":[0,1],"19":[1,2,0,2],"20":[1,0],"21":[1,1],"22":[0,0],"23":[0,0],"24":[0,0],"25":[0,0],"26":[0,0],"27":[0,0],"28":[0,0]},"f":{"1":2,"2":2,"3":2,"4":2,"5":2,"6":2,"7":3,"8":3,"9":3,"10":1,"11":6,"12":0},"fnMap":{"1":{"name":"(anonymous_1)","line":26,"loc":{"start":{"line":26,"column":1},"end":{"line":26,"column":13}}},"2":{"name":"(anonymous_2)","line":33,"loc":{"start":{"line":33,"column":5},"end":{"line":33,"column":17}}},"3":{"name":"(anonymous_3)","line":37,"loc":{"start":{"line":37,"column":24},"end":{"line":37,"column":36}}},"4":{"name":"(anonymous_4)","line":69,"loc":{"start":{"line":69,"column":31},"end":{"line":69,"column":48}},"skip":true},"5":{"name":"(anonymous_5)","line":78,"loc":{"start":{"line":78,"column":26},"end":{"line":78,"column":45}},"skip":true},"6":{"name":"(anonymous_6)","line":123,"loc":{"start":{"line":123,"column":33},"end":{"line":123,"column":48}},"skip":true},"7":{"name":"(anonymous_7)","line":125,"loc":{"start":{"line":125,"column":27},"end":{"line":125,"column":39}},"skip":true},"8":{"name":"(anonymous_8)","line":133,"loc":{"start":{"line":133,"column":59},"end":{"line":133,"column":74}},"skip":true},"9":{"name":"(anonymous_9)","line":143,"loc":{"start":{"line":143,"column":45},"end":{"line":143,"column":62}},"skip":true},"10":{"name":"(anonymous_10)","line":144,"loc":{"start":{"line":144,"column":73},"end":{"line":144,"column":92}},"skip":true},"11":{"name":"(anonymous_11)","line":272,"loc":{"start":{"line":272,"column":51},"end":{"line":272,"column":77}},"skip":true},"12":{"name":"(anonymous_12)","line":315,"loc":{"start":{"line":315,"column":32},"end":{"line":315,"column":61}},"skip":true}},"statementMap":{"1":{"start":{"line":26,"column":0},"end":{"line":326,"column":5}},"2":{"start":{"line":28,"column":4},"end":{"line":28,"column":14}},"3":{"start":{"line":33,"column":4},"end":{"line":60,"column":9}},"4":{"start":{"line":35,"column":8},"end":{"line":35,"column":19}},"5":{"start":{"line":37,"column":8},"end":{"line":49,"column":13}},"6":{"start":{"line":38,"column":12},"end":{"line":48,"column":13}},"7":{"start":{"line":39,"column":16},"end":{"line":42,"column":30}},"8":{"start":{"line":44,"column":16},"end":{"line":47,"column":27}},"9":{"start":{"line":51,"column":8},"end":{"line":53,"column":21}},"10":{"start":{"line":55,"column":8},"end":{"line":57,"column":45}},"11":{"start":{"line":59,"column":8},"end":{"line":59,"column":35}},"12":{"start":{"line":61,"column":4},"end":{"line":325,"column":5}},"13":{"start":{"line":69,"column":8},"end":{"line":121,"column":10},"skip":true},"14":{"start":{"line":70,"column":12},"end":{"line":88,"column":13},"skip":true},"15":{"start":{"line":76,"column":16},"end":{"line":87,"column":19},"skip":true},"16":{"start":{"line":79,"column":20},"end":{"line":86,"column":21},"skip":true},"17":{"start":{"line":82,"column":24},"end":{"line":82,"column":43},"skip":true},"18":{"start":{"line":83,"column":24},"end":{"line":83,"column":30},"skip":true},"19":{"start":{"line":85,"column":24},"end":{"line":85,"column":49},"skip":true},"20":{"start":{"line":89,"column":12},"end":{"line":107,"column":13},"skip":true},"21":{"start":{"line":92,"column":16},"end":{"line":102,"column":17},"skip":true},"22":{"start":{"line":93,"column":20},"end":{"line":93,"column":86},"skip":true},"23":{"start":{"line":94,"column":20},"end":{"line":95,"column":45},"skip":true},"24":{"start":{"line":96,"column":20},"end":{"line":96,"column":42},"skip":true},"25":{"start":{"line":97,"column":20},"end":{"line":97,"column":48},"skip":true},"26":{"start":{"line":100,"column":20},"end":{"line":100,"column":85},"skip":true},"27":{"start":{"line":101,"column":20},"end":{"line":101,"column":96},"skip":true},"28":{"start":{"line":103,"column":16},"end":{"line":103,"column":22},"skip":true},"29":{"start":{"line":106,"column":16},"end":{"line":106,"column":22},"skip":true},"30":{"start":{"line":108,"column":12},"end":{"line":120,"column":13},"skip":true},"31":{"start":{"line":114,"column":16},"end":{"line":119,"column":17},"skip":true},"32":{"start":{"line":116,"column":20},"end":{"line":116,"column":78},"skip":true},"33":{"start":{"line":118,"column":20},"end":{"line":118,"column":47},"skip":true},"34":{"start":{"line":123,"column":8},"end":{"line":141,"column":11},"skip":true},"35":{"start":{"line":124,"column":12},"end":{"line":124,"column":54},"skip":true},"36":{"start":{"line":125,"column":12},"end":{"line":140,"column":14},"skip":true},"37":{"start":{"line":126,"column":16},"end":{"line":126,"column":28},"skip":true},"38":{"start":{"line":127,"column":16},"end":{"line":127,"column":69},"skip":true},"39":{"start":{"line":128,"column":16},"end":{"line":128,"column":75},"skip":true},"40":{"start":{"line":129,"column":16},"end":{"line":131,"column":17},"skip":true},"41":{"start":{"line":130,"column":20},"end":{"line":130,"column":27},"skip":true},"42":{"start":{"line":133,"column":16},"end":{"line":137,"column":36},"skip":true},"43":{"start":{"line":134,"column":20},"end":{"line":136,"column":55},"skip":true},"44":{"start":{"line":139,"column":16},"end":{"line":139,"column":57},"skip":true},"45":{"start":{"line":143,"column":8},"end":{"line":147,"column":11},"skip":true},"46":{"start":{"line":144,"column":12},"end":{"line":146,"column":15},"skip":true},"47":{"start":{"line":145,"column":16},"end":{"line":145,"column":70},"skip":true},"48":{"start":{"line":149,"column":8},"end":{"line":149,"column":31},"skip":true},"49":{"start":{"line":150,"column":8},"end":{"line":150,"column":14},"skip":true},"50":{"start":{"line":158,"column":8},"end":{"line":158,"column":31},"skip":true},"51":{"start":{"line":160,"column":8},"end":{"line":160,"column":33},"skip":true},"52":{"start":{"line":161,"column":8},"end":{"line":161,"column":37},"skip":true},"53":{"start":{"line":162,"column":8},"end":{"line":162,"column":35},"skip":true},"54":{"start":{"line":164,"column":8},"end":{"line":164,"column":50},"skip":true},"55":{"start":{"line":166,"column":8},"end":{"line":256,"column":2},"skip":true},"56":{"start":{"line":258,"column":8},"end":{"line":286,"column":9},"skip":true},"57":{"start":{"line":259,"column":12},"end":{"line":269,"column":14},"skip":true},"58":{"start":{"line":271,"column":12},"end":{"line":285,"column":19},"skip":true},"59":{"start":{"line":274,"column":20},"end":{"line":274,"column":35},"skip":true},"60":{"start":{"line":275,"column":20},"end":{"line":284,"column":21},"skip":true},"61":{"start":{"line":277,"column":24},"end":{"line":277,"column":64},"skip":true},"62":{"start":{"line":279,"column":24},"end":{"line":279,"column":40},"skip":true},"63":{"start":{"line":281,"column":24},"end":{"line":281,"column":40},"skip":true},"64":{"start":{"line":283,"column":24},"end":{"line":283,"column":39},"skip":true},"65":{"start":{"line":288,"column":8},"end":{"line":290,"column":9},"skip":true},"66":{"start":{"line":289,"column":12},"end":{"line":289,"column":18},"skip":true},"67":{"start":{"line":291,"column":8},"end":{"line":293,"column":54},"skip":true},"68":{"start":{"line":296,"column":8},"end":{"line":301,"column":37},"skip":true},"69":{"start":{"line":303,"column":8},"end":{"line":303,"column":82},"skip":true},"70":{"start":{"line":306,"column":8},"end":{"line":308,"column":9},"skip":true},"71":{"start":{"line":307,"column":12},"end":{"line":307,"column":82},"skip":true},"72":{"start":{"line":310,"column":8},"end":{"line":312,"column":9},"skip":true},"73":{"start":{"line":311,"column":12},"end":{"line":311,"column":18},"skip":true},"74":{"start":{"line":313,"column":8},"end":{"line":313,"column":54},"skip":true},"75":{"start":{"line":314,"column":8},"end":{"line":314,"column":69},"skip":true},"76":{"start":{"line":315,"column":8},"end":{"line":323,"column":36},"skip":true},"77":{"start":{"line":316,"column":12},"end":{"line":316,"column":61},"skip":true},"78":{"start":{"line":317,"column":12},"end":{"line":320,"column":13},"skip":true},"79":{"start":{"line":318,"column":16},"end":{"line":318,"column":75},"skip":true},"80":{"start":{"line":319,"column":16},"end":{"line":319,"column":23},"skip":true},"81":{"start":{"line":321,"column":12},"end":{"line":321,"column":38},"skip":true},"82":{"start":{"line":322,"column":12},"end":{"line":322,"column":27},"skip":true},"83":{"start":{"line":324,"column":8},"end":{"line":324,"column":14},"skip":true}},"branchMap":{"1":{"line":39,"type":"binary-expr","locations":[{"start":{"line":39,"column":23},"end":{"line":39,"column":62}},{"start":{"line":40,"column":20},"end":{"line":40,"column":70}},{"start":{"line":41,"column":20},"end":{"line":41,"column":71}},{"start":{"line":42,"column":20},"end":{"line":42,"column":29}}]},"2":{"line":44,"type":"binary-expr","locations":[{"start":{"line":44,"column":23},"end":{"line":44,"column":37}},{"start":{"line":45,"column":20},"end":{"line":45,"column":61}},{"start":{"line":46,"column":20},"end":{"line":46,"column":70}},{"start":{"line":47,"column":20},"end":{"line":47,"column":26}}]},"3":{"line":51,"type":"cond-expr","locations":[{"start":{"line":52,"column":14},"end":{"line":52,"column":20}},{"start":{"line":53,"column":14},"end":{"line":53,"column":20}}]},"4":{"line":55,"type":"binary-expr","locations":[{"start":{"line":55,"column":16},"end":{"line":55,"column":44}},{"start":{"line":55,"column":49},"end":{"line":57,"column":43}}]},"5":{"line":55,"type":"cond-expr","locations":[{"start":{"line":56,"column":14},"end":{"line":56,"column":49}},{"start":{"line":57,"column":14},"end":{"line":57,"column":43}}]},"6":{"line":61,"type":"switch","locations":[{"start":{"line":68,"column":4},"end":{"line":150,"column":14},"skip":true},{"start":{"line":156,"column":4},"end":{"line":324,"column":14},"skip":true}]},"7":{"line":70,"type":"if","locations":[{"start":{"line":70,"column":12},"end":{"line":70,"column":12},"skip":true},{"start":{"line":70,"column":12},"end":{"line":70,"column":12},"skip":true}]},"8":{"line":70,"type":"binary-expr","locations":[{"start":{"line":70,"column":16},"end":{"line":70,"column":22},"skip":true},{"start":{"line":70,"column":27},"end":{"line":70,"column":32},"skip":true},{"start":{"line":71,"column":20},"end":{"line":71,"column":39},"skip":true},{"start":{"line":72,"column":20},"end":{"line":72,"column":49},"skip":true},{"start":{"line":73,"column":20},"end":{"line":73,"column":58},"skip":true},{"start":{"line":74,"column":20},"end":{"line":74,"column":69},"skip":true}]},"9":{"line":79,"type":"switch","locations":[{"start":{"line":80,"column":20},"end":{"line":80,"column":33},"skip":true},{"start":{"line":81,"column":20},"end":{"line":83,"column":30},"skip":true},{"start":{"line":84,"column":20},"end":{"line":85,"column":49},"skip":true}]},"10":{"line":89,"type":"switch","locations":[{"start":{"line":90,"column":12},"end":{"line":103,"column":22},"skip":true},{"start":{"line":105,"column":12},"end":{"line":106,"column":22},"skip":true}]},"11":{"line":89,"type":"binary-expr","locations":[{"start":{"line":89,"column":20},"end":{"line":89,"column":25},"skip":true},{"start":{"line":89,"column":29},"end":{"line":89,"column":48},"skip":true},{"start":{"line":89,"column":52},"end":{"line":89,"column":74},"skip":true}]},"12":{"line":92,"type":"if","locations":[{"start":{"line":92,"column":16},"end":{"line":92,"column":16},"skip":true},{"start":{"line":92,"column":16},"end":{"line":92,"column":16},"skip":true}]},"13":{"line":108,"type":"if","locations":[{"start":{"line":108,"column":12},"end":{"line":108,"column":12},"skip":true},{"start":{"line":108,"column":12},"end":{"line":108,"column":12},"skip":true}]},"14":{"line":108,"type":"binary-expr","locations":[{"start":{"line":108,"column":16},"end":{"line":108,"column":61},"skip":true},{"start":{"line":108,"column":66},"end":{"line":108,"column":72},"skip":true},{"start":{"line":108,"column":77},"end":{"line":108,"column":82},"skip":true},{"start":{"line":109,"column":20},"end":{"line":109,"column":39},"skip":true},{"start":{"line":110,"column":20},"end":{"line":110,"column":49},"skip":true},{"start":{"line":111,"column":20},"end":{"line":111,"column":58},"skip":true},{"start":{"line":112,"column":20},"end":{"line":112,"column":68},"skip":true}]},"15":{"line":129,"type":"if","locations":[{"start":{"line":129,"column":16},"end":{"line":129,"column":16},"skip":true},{"start":{"line":129,"column":16},"end":{"line":129,"column":16},"skip":true}]},"16":{"line":134,"type":"cond-expr","locations":[{"start":{"line":135,"column":26},"end":{"line":135,"column":29},"skip":true},{"start":{"line":136,"column":26},"end":{"line":136,"column":54},"skip":true}]},"17":{"line":164,"type":"binary-expr","locations":[{"start":{"line":164,"column":27},"end":{"line":164,"column":43},"skip":true},{"start":{"line":164,"column":47},"end":{"line":164,"column":49},"skip":true}]},"18":{"line":258,"type":"if","locations":[{"start":{"line":258,"column":8},"end":{"line":258,"column":8},"skip":true},{"start":{"line":258,"column":8},"end":{"line":258,"column":8},"skip":true}]},"19":{"line":275,"type":"switch","locations":[{"start":{"line":276,"column":20},"end":{"line":277,"column":64},"skip":true},{"start":{"line":278,"column":20},"end":{"line":279,"column":40},"skip":true},{"start":{"line":280,"column":20},"end":{"line":281,"column":40},"skip":true},{"start":{"line":282,"column":20},"end":{"line":283,"column":39},"skip":true}]},"20":{"line":288,"type":"if","locations":[{"start":{"line":288,"column":8},"end":{"line":288,"column":8},"skip":true},{"start":{"line":288,"column":8},"end":{"line":288,"column":8},"skip":true}]},"21":{"line":288,"type":"binary-expr","locations":[{"start":{"line":288,"column":12},"end":{"line":288,"column":40},"skip":true},{"start":{"line":288,"column":44},"end":{"line":288,"column":67},"skip":true}]},"22":{"line":292,"type":"binary-expr","locations":[{"start":{"line":292,"column":12},"end":{"line":292,"column":50},"skip":true},{"start":{"line":293,"column":12},"end":{"line":293,"column":53},"skip":true}]},"23":{"line":297,"type":"binary-expr","locations":[{"start":{"line":297,"column":12},"end":{"line":297,"column":63},"skip":true},{"start":{"line":298,"column":12},"end":{"line":301,"column":36},"skip":true}]},"24":{"line":303,"type":"binary-expr","locations":[{"start":{"line":303,"column":43},"end":{"line":303,"column":75},"skip":true},{"start":{"line":303,"column":79},"end":{"line":303,"column":81},"skip":true}]},"25":{"line":306,"type":"if","locations":[{"start":{"line":306,"column":8},"end":{"line":306,"column":8},"skip":true},{"start":{"line":306,"column":8},"end":{"line":306,"column":8},"skip":true}]},"26":{"line":310,"type":"if","locations":[{"start":{"line":310,"column":8},"end":{"line":310,"column":8},"skip":true},{"start":{"line":310,"column":8},"end":{"line":310,"column":8},"skip":true}]},"27":{"line":313,"type":"binary-expr","locations":[{"start":{"line":313,"column":27},"end":{"line":313,"column":43},"skip":true},{"start":{"line":313,"column":47},"end":{"line":313,"column":53},"skip":true}]},"28":{"line":317,"type":"if","locations":[{"start":{"line":317,"column":12},"end":{"line":317,"column":12},"skip":true},{"start":{"line":317,"column":12},"end":{"line":317,"column":12},"skip":true}]}},"code":["/*","example.js","","quickstart example","","instruction","    1. save this script as example.js","    2. run the shell command:","        $ npm install npmtest-swarm && PORT=8081 node example.js","    3. play with the browser-demo on http://127.0.0.1:8081","*/","","","","/* istanbul instrument in package npmtest_swarm */","/*jslint","    bitwise: true,","    browser: true,","    maxerr: 8,","    maxlen: 96,","    node: true,","    nomen: true,","    regexp: true,","    stupid: true","*/","(function () {","    'use strict';","    var local;","","","","    // run shared js-env code - init-before","    (function () {","        // init local","        local = {};","        // init modeJs","        local.modeJs = (function () {","            try {","                return typeof navigator.userAgent === 'string' &&","                    typeof document.querySelector('body') === 'object' &&","                    typeof XMLHttpRequest.prototype.open === 'function' &&","                    'browser';","            } catch (errorCaughtBrowser) {","                return module.exports &&","                    typeof process.versions.node === 'string' &&","                    typeof require('http').createServer === 'function' &&","                    'node';","            }","        }());","        // init global","        local.global = local.modeJs === 'browser'","            ? window","            : global;","        // init utility2_rollup","        local = local.global.utility2_rollup || (local.modeJs === 'browser'","            ? local.global.utility2_npmtest_swarm","            : global.utility2_moduleExports);","        // export local","        local.global.local = local;","    }());","    switch (local.modeJs) {","","","","    // init-after","    // run browser js-env code - init-after","    /* istanbul ignore next */","    case 'browser':","        local.testRunBrowser = function (event) {","            if (!event || (event &&","                    event.currentTarget &&","                    event.currentTarget.className &&","                    event.currentTarget.className.includes &&","                    event.currentTarget.className.includes('onreset'))) {","                // reset output","                Array.from(","                    document.querySelectorAll('body > .resettable')","                ).forEach(function (element) {","                    switch (element.tagName) {","                    case 'INPUT':","                    case 'TEXTAREA':","                        element.value = '';","                        break;","                    default:","                        element.textContent = '';","                    }","                });","            }","            switch (event && event.currentTarget && event.currentTarget.id) {","            case 'testRunButton1':","                // show tests","                if (document.querySelector('#testReportDiv1').style.display === 'none') {","                    document.querySelector('#testReportDiv1').style.display = 'block';","                    document.querySelector('#testRunButton1').textContent =","                        'hide internal test';","                    local.modeTest = true;","                    local.testRunDefault(local);","                // hide tests","                } else {","                    document.querySelector('#testReportDiv1').style.display = 'none';","                    document.querySelector('#testRunButton1').textContent = 'run internal test';","                }","                break;","            // custom-case","            default:","                break;","            }","            if (document.querySelector('#inputTextareaEval1') && (!event || (event &&","                    event.currentTarget &&","                    event.currentTarget.className &&","                    event.currentTarget.className.includes &&","                    event.currentTarget.className.includes('oneval')))) {","                // try to eval input-code","                try {","                    /*jslint evil: true*/","                    eval(document.querySelector('#inputTextareaEval1').value);","                } catch (errorCaught) {","                    console.error(errorCaught);","                }","            }","        };","        // log stderr and stdout to #outputTextareaStdout1","        ['error', 'log'].forEach(function (key) {","            console[key + '_original'] = console[key];","            console[key] = function () {","                var element;","                console[key + '_original'].apply(console, arguments);","                element = document.querySelector('#outputTextareaStdout1');","                if (!element) {","                    return;","                }","                // append text to #outputTextareaStdout1","                element.value += Array.from(arguments).map(function (arg) {","                    return typeof arg === 'string'","                        ? arg","                        : JSON.stringify(arg, null, 4);","                }).join(' ') + '\\n';","                // scroll textarea to bottom","                element.scrollTop = element.scrollHeight;","            };","        });","        // init event-handling","        ['change', 'click', 'keyup'].forEach(function (event) {","            Array.from(document.querySelectorAll('.on' + event)).forEach(function (element) {","                element.addEventListener(event, local.testRunBrowser);","            });","        });","        // run tests","        local.testRunBrowser();","        break;","","","","    // run node js-env code - init-after","    /* istanbul ignore next */","    case 'node':","        // export local","        module.exports = local;","        // require modules","        local.fs = require('fs');","        local.http = require('http');","        local.url = require('url');","        // init assets","        local.assetsDict = local.assetsDict || {};","        /* jslint-ignore-begin */","        local.assetsDict['/assets.index.template.html'] = '\\","<!doctype html>\\n\\","<html lang=\"en\">\\n\\","<head>\\n\\","<meta charset=\"UTF-8\">\\n\\","<meta name=\"viewport\" content=\"width=device-width, initial-scale=1\">\\n\\","<title>{{env.npm_package_name}} (v{{env.npm_package_version}})</title>\\n\\","<style>\\n\\","/*csslint\\n\\","    box-sizing: false,\\n\\","    universal-selector: false\\n\\","*/\\n\\","* {\\n\\","    box-sizing: border-box;\\n\\","}\\n\\","body {\\n\\","    background: #dde;\\n\\","    font-family: Arial, Helvetica, sans-serif;\\n\\","    margin: 2rem;\\n\\","}\\n\\","body > * {\\n\\","    margin-bottom: 1rem;\\n\\","}\\n\\",".utility2FooterDiv {\\n\\","    margin-top: 20px;\\n\\","    text-align: center;\\n\\","}\\n\\","</style>\\n\\","<style>\\n\\","/*csslint\\n\\","*/\\n\\","textarea {\\n\\","    font-family: monospace;\\n\\","    height: 10rem;\\n\\","    width: 100%;\\n\\","}\\n\\","textarea[readonly] {\\n\\","    background: #ddd;\\n\\","}\\n\\","</style>\\n\\","</head>\\n\\","<body>\\n\\","<!-- utility2-comment\\n\\","<div id=\"ajaxProgressDiv1\" style=\"background: #d00; height: 2px; left: 0; margin: 0; padding: 0; position: fixed; top: 0; transition: background 0.5s, width 1.5s; width: 25%;\"></div>\\n\\","utility2-comment -->\\n\\","<h1>\\n\\","<!-- utility2-comment\\n\\","    <a\\n\\","        {{#if env.npm_package_homepage}}\\n\\","        href=\"{{env.npm_package_homepage}}\"\\n\\","        {{/if env.npm_package_homepage}}\\n\\","        target=\"_blank\"\\n\\","    >\\n\\","utility2-comment -->\\n\\","        {{env.npm_package_name}} (v{{env.npm_package_version}})\\n\\","<!-- utility2-comment\\n\\","    </a>\\n\\","utility2-comment -->\\n\\","</h1>\\n\\","<h3>{{env.npm_package_description}}</h3>\\n\\","<!-- utility2-comment\\n\\","<h4><a download href=\"assets.app.js\">download standalone app</a></h4>\\n\\","<button class=\"onclick onreset\" id=\"testRunButton1\">run internal test</button><br>\\n\\","<div id=\"testReportDiv1\" style=\"display: none;\"></div>\\n\\","utility2-comment -->\\n\\","\\n\\","\\n\\","\\n\\","<label>stderr and stdout</label>\\n\\","<textarea class=\"resettable\" id=\"outputTextareaStdout1\" readonly></textarea>\\n\\","<!-- utility2-comment\\n\\","{{#if isRollup}}\\n\\","<script src=\"assets.app.js\"></script>\\n\\","{{#unless isRollup}}\\n\\","utility2-comment -->\\n\\","<script src=\"assets.utility2.rollup.js\"></script>\\n\\","<script src=\"jsonp.utility2._stateInit?callback=window.utility2._stateInit\"></script>\\n\\","<script src=\"assets.npmtest_swarm.rollup.js\"></script>\\n\\","<script src=\"assets.example.js\"></script>\\n\\","<script src=\"assets.test.js\"></script>\\n\\","<!-- utility2-comment\\n\\","{{/if isRollup}}\\n\\","utility2-comment -->\\n\\","<div class=\"utility2FooterDiv\">\\n\\","    [ this app was created with\\n\\","    <a href=\"https://github.com/kaizhu256/node-utility2\" target=\"_blank\">utility2</a>\\n\\","    ]\\n\\","</div>\\n\\","</body>\\n\\","</html>\\n\\","';","        /* jslint-ignore-end */","        if (local.templateRender) {","            local.assetsDict['/'] = local.templateRender(","                local.assetsDict['/assets.index.template.html'],","                {","                    env: local.objectSetDefault(local.env, {","                        npm_package_description: 'the greatest app in the world!',","                        npm_package_name: 'my-app',","                        npm_package_nameAlias: 'my_app',","                        npm_package_version: '0.0.1'","                    })","                }","            );","        } else {","            local.assetsDict['/'] = local.assetsDict['/assets.index.template.html']","                .replace((/\\{\\{env\\.(\\w+?)\\}\\}/g), function (match0, match1) {","                    // jslint-hack","                    String(match0);","                    switch (match1) {","                    case 'npm_package_description':","                        return 'the greatest app in the world!';","                    case 'npm_package_name':","                        return 'my-app';","                    case 'npm_package_nameAlias':","                        return 'my_app';","                    case 'npm_package_version':","                        return '0.0.1';","                    }","                });","        }","        // run the cli","        if (local.global.utility2_rollup || module !== require.main) {","            break;","        }","        local.assetsDict['/assets.example.js'] =","            local.assetsDict['/assets.example.js'] ||","            local.fs.readFileSync(__filename, 'utf8');","        // bug-workaround - long $npm_package_buildCustomOrg","        /* jslint-ignore-begin */","        local.assetsDict['/assets.npmtest_swarm.rollup.js'] =","            local.assetsDict['/assets.npmtest_swarm.rollup.js'] ||","            local.fs.readFileSync(","                local.npmtest_swarm.__dirname + '/lib.npmtest_swarm.js',","                'utf8'","            ).replace((/^#!/), '//');","        /* jslint-ignore-end */","        local.assetsDict['/favicon.ico'] = local.assetsDict['/favicon.ico'] || '';","        // if $npm_config_timeout_exit exists,","        // then exit this process after $npm_config_timeout_exit ms","        if (Number(process.env.npm_config_timeout_exit)) {","            setTimeout(process.exit, Number(process.env.npm_config_timeout_exit));","        }","        // start server","        if (local.global.utility2_serverHttp1) {","            break;","        }","        process.env.PORT = process.env.PORT || '8081';","        console.error('server starting on port ' + process.env.PORT);","        local.http.createServer(function (request, response) {","            request.urlParsed = local.url.parse(request.url);","            if (local.assetsDict[request.urlParsed.pathname] !== undefined) {","                response.end(local.assetsDict[request.urlParsed.pathname]);","                return;","            }","            response.statusCode = 404;","            response.end();","        }).listen(process.env.PORT);","        break;","    }","}());",""],"l":{"26":2,"28":2,"33":2,"35":2,"37":2,"38":2,"39":2,"44":1,"51":2,"55":2,"59":2,"61":2,"69":1,"70":2,"76":2,"79":2,"82":2,"83":2,"85":1,"89":2,"92":1,"93":1,"94":1,"96":1,"97":1,"100":1,"101":1,"103":1,"106":1,"108":2,"114":1,"116":1,"118":1,"123":1,"124":2,"125":2,"126":3,"127":3,"128":3,"129":3,"130":1,"133":3,"134":3,"139":3,"143":1,"144":3,"145":1,"149":1,"150":1,"158":1,"160":1,"161":1,"162":1,"164":1,"166":1,"258":1,"259":1,"271":1,"274":6,"275":6,"277":1,"279":2,"281":1,"283":2,"288":1,"289":1,"291":1,"296":1,"303":1,"306":1,"307":1,"310":1,"311":1,"313":1,"314":1,"315":1,"316":1,"317":1,"318":1,"319":1,"321":1,"322":1,"324":1}},"/home/travis/build/npmtest/node-npmtest-swarm/node_modules/swarm/lib/NodeServer.js":{"path":"/home/travis/build/npmtest/node-npmtest-swarm/node_modules/swarm/lib/NodeServer.js","s":{"1":1,"2":1,"3":1,"4":1,"5":1,"6":1,"7":1,"8":1,"9":1,"10":1,"11":1,"12":1,"13":1,"14":1,"15":1,"16":1,"17":1},"b":{},"f":{},"fnMap":{},"statementMap":{"1":{"start":{"line":3,"column":0},"end":{"line":3,"column":35}},"2":{"start":{"line":5,"column":0},"end":{"line":5,"column":29}},"3":{"start":{"line":6,"column":0},"end":{"line":6,"column":31}},"4":{"start":{"line":7,"column":0},"end":{"line":7,"column":39}},"5":{"start":{"line":8,"column":0},"end":{"line":8,"column":39}},"6":{"start":{"line":9,"column":0},"end":{"line":9,"column":33}},"7":{"start":{"line":10,"column":0},"end":{"line":10,"column":29}},"8":{"start":{"line":11,"column":0},"end":{"line":11,"column":35}},"9":{"start":{"line":12,"column":0},"end":{"line":12,"column":31}},"10":{"start":{"line":13,"column":0},"end":{"line":13,"column":31}},"11":{"start":{"line":14,"column":0},"end":{"line":14,"column":37}},"12":{"start":{"line":15,"column":0},"end":{"line":15,"column":45}},"13":{"start":{"line":16,"column":0},"end":{"line":16,"column":47}},"14":{"start":{"line":17,"column":0},"end":{"line":17,"column":53}},"15":{"start":{"line":18,"column":0},"end":{"line":18,"column":43}},"16":{"start":{"line":19,"column":0},"end":{"line":19,"column":59}},"17":{"start":{"line":21,"column":0},"end":{"line":21,"column":23}}},"branchMap":{},"code":["\"use strict\";","","var Swarm = {'profile': 'node.js'};","","Swarm.env = require('./env');","Swarm.Spec = require('./Spec');","Swarm.LongSpec = require('./LongSpec');","Swarm.Syncable = require('./Syncable');","Swarm.Model = require('./Model');","Swarm.Set = require('./Set');","Swarm.Vector = require('./Vector');","Swarm.Host = require('./Host');","Swarm.Pipe = require('./Pipe');","Swarm.Storage = require('./Storage');","Swarm.FileStorage = require('./FileStorage');","Swarm.LevelStorage = require('./LevelStorage');","Swarm.EinarosWSStream = require('./EinarosWSStream');","Swarm.ReactMixin = require('./ReactMixin');","Swarm.SecondPreciseClock = require('./SecondPreciseClock');","","module.exports = Swarm;",""],"l":{"3":1,"5":1,"6":1,"7":1,"8":1,"9":1,"10":1,"11":1,"12":1,"13":1,"14":1,"15":1,"16":1,"17":1,"18":1,"19":1,"21":1}},"/home/travis/build/npmtest/node-npmtest-swarm/node_modules/swarm/lib/env.js":{"path":"/home/travis/build/npmtest/node-npmtest-swarm/node_modules/swarm/lib/env.js","s":{"1":1,"2":0,"3":0,"4":0,"5":0,"6":1,"7":1,"8":0,"9":0,"10":0,"11":0,"12":1,"13":0,"14":0,"15":0,"16":0,"17":0,"18":0,"19":0},"b":{"1":[0,1],"2":[0,0],"3":[0,0],"4":[0,0,0,0]},"f":{"1":0,"2":0},"fnMap":{"1":{"name":"djb2Hash","line":4,"loc":{"start":{"line":4,"column":0},"end":{"line":4,"column":23}}},"2":{"name":"plain_log","line":42,"loc":{"start":{"line":42,"column":0},"end":{"line":42,"column":38}}}},"statementMap":{"1":{"start":{"line":4,"column":0},"end":{"line":10,"column":1}},"2":{"start":{"line":5,"column":4},"end":{"line":5,"column":20}},"3":{"start":{"line":6,"column":4},"end":{"line":8,"column":5}},"4":{"start":{"line":7,"column":8},"end":{"line":7,"column":56}},"5":{"start":{"line":9,"column":4},"end":{"line":9,"column":16}},"6":{"start":{"line":12,"column":0},"end":{"line":33,"column":2}},"7":{"start":{"line":35,"column":0},"end":{"line":40,"column":1}},"8":{"start":{"line":36,"column":4},"end":{"line":36,"column":36}},"9":{"start":{"line":37,"column":4},"end":{"line":37,"column":52}},"10":{"start":{"line":38,"column":4},"end":{"line":38,"column":42}},"11":{"start":{"line":39,"column":4},"end":{"line":39,"column":51}},"12":{"start":{"line":42,"column":0},"end":{"line":54,"column":1}},"13":{"start":{"line":43,"column":4},"end":{"line":43,"column":23}},"14":{"start":{"line":44,"column":4},"end":{"line":51,"column":5}},"15":{"start":{"line":46,"column":8},"end":{"line":46,"column":25}},"16":{"start":{"line":47,"column":8},"end":{"line":47,"column":14}},"17":{"start":{"line":49,"column":8},"end":{"line":49,"column":24}},"18":{"start":{"line":50,"column":8},"end":{"line":50,"column":14}},"19":{"start":{"line":52,"column":4},"end":{"line":53,"column":72}}},"branchMap":{"1":{"line":35,"type":"if","locations":[{"start":{"line":35,"column":0},"end":{"line":35,"column":0}},{"start":{"line":35,"column":0},"end":{"line":35,"column":0}}]},"2":{"line":44,"type":"switch","locations":[{"start":{"line":45,"column":4},"end":{"line":47,"column":14}},{"start":{"line":48,"column":4},"end":{"line":50,"column":14}}]},"3":{"line":52,"type":"binary-expr","locations":[{"start":{"line":52,"column":42},"end":{"line":52,"column":48}},{"start":{"line":52,"column":52},"end":{"line":52,"column":62}}]},"4":{"line":53,"type":"binary-expr","locations":[{"start":{"line":53,"column":20},"end":{"line":53,"column":26}},{"start":{"line":53,"column":30},"end":{"line":53,"column":42}},{"start":{"line":53,"column":46},"end":{"line":53,"column":62}},{"start":{"line":53,"column":67},"end":{"line":53,"column":69}}]}},"code":["\"use strict\";","","/** a really simplistic default hash function */","function djb2Hash(str) {","    var hash = 5381;","    for (var i = 0; i < str.length; i++) {","        hash = ((hash << 5) + hash) + str.charCodeAt(i);","    }","    return hash;","}","","var env = module.exports = {","    // maps URI schemes to stream implementations","    streams: {},","    // the default host","    localhost: undefined,","    // whether multiple hosts are allowed in one process","    // (that is mostly useful for testing)","    multihost: false,","    // hash function used for consistent hashing","    hashfn: djb2Hash,","","    log: plain_log,","    debug: false,","    trace: false,","","    isServer: typeof(navigator) === 'undefined',","    isBrowser: typeof(navigator) === 'object',","    isWebKit: false,","    isGecko: false,","    isIE: false,","    clockType: undefined // default","};","","if (typeof(navigator) === 'object') {","    var agent = navigator.userAgent;","    env.isWebKit = /AppleWebKit\\/(\\S+)/.test(agent);","    env.isIE = /MSIE ([^;]+)/.test(agent);","    env.isGecko = /rv:.* Gecko\\/\\d{8}/.test(agent);","}","","function plain_log(spec, val, object) {","    var method = 'log';","    switch (spec.op()) {","    case 'error':","        method = 'error';","        break;","    case 'warn':","        method = 'warn';","        break;","    }","    console[method](spec.toString(), val, object && object._id,","            '@' + ((object && object._host && object._host._id) || ''));","}",""],"l":{"4":1,"5":0,"6":0,"7":0,"9":0,"12":1,"35":1,"36":0,"37":0,"38":0,"39":0,"42":1,"43":0,"44":0,"46":0,"47":0,"49":0,"50":0,"52":0}},"/home/travis/build/npmtest/node-npmtest-swarm/node_modules/swarm/lib/Spec.js":{"path":"/home/travis/build/npmtest/node-npmtest-swarm/node_modules/swarm/lib/Spec.js","s":{"1":1,"2":3,"3":0,"4":3,"5":3,"6":0,"7":3,"8":0,"9":3,"10":3,"11":1,"12":1,"13":0,"14":0,"15":0,"16":1,"17":0,"18":1,"19":0,"20":1,"21":0,"22":1,"23":0,"24":0,"25":0,"26":0,"27":0,"28":0,"29":0,"30":0,"31":0,"32":1,"33":0,"34":0,"35":0,"36":0,"37":0,"38":0,"39":1,"40":0,"41":0,"42":0,"43":0,"44":0,"45":0,"46":1,"47":0,"48":0,"49":0,"50":0,"51":1,"52":0,"53":0,"54":0,"55":0,"56":0,"57":0,"58":0,"59":1,"60":0,"61":1,"62":0,"63":1,"64":0,"65":1,"66":0,"67":1,"68":0,"69":1,"70":0,"71":1,"72":1,"73":0,"74":0,"75":0,"76":0,"77":1,"78":0,"79":0,"80":0,"81":1,"82":0,"83":1,"84":0,"85":0,"86":0,"87":0,"88":0,"89":0,"90":1,"91":0,"92":0,"93":0,"94":0,"95":0,"96":0,"97":1,"98":0,"99":0,"100":0,"101":0,"102":1,"103":0,"104":0,"105":0,"106":0,"107":0,"108":1,"109":1,"110":1,"111":1,"112":1,"113":1,"114":1,"115":1,"116":1,"117":1,"118":0,"119":0,"120":0,"121":1,"122":0,"123":0,"124":0,"125":1,"126":0,"127":0,"128":0,"129":1,"130":0,"131":0,"132":0,"133":0,"134":0,"135":1,"136":0,"137":0,"138":0,"139":0,"140":1,"141":0,"142":0,"143":0,"144":0,"145":0,"146":1,"147":0,"148":0,"149":0,"150":0,"151":0,"152":0,"153":0,"154":0},"b":{"1":[0,3],"2":[3,3],"3":[3,0],"4":[0,3],"5":[3,0],"6":[0,3],"7":[0,0],"8":[0,0],"9":[0,0],"10":[0,0],"11":[0,0],"12":[0,0],"13":[0,0],"14":[0,0],"15":[0,0],"16":[0,0],"17":[0,0],"18":[0,0],"19":[0,0],"20":[0,0],"21":[0,0],"22":[0,0],"23":[0,0],"24":[0,0],"25":[0,0],"26":[0,0],"27":[0,0],"28":[0,0],"29":[0,0],"30":[0,0],"31":[0,0],"32":[0,0],"33":[0,0],"34":[0,0],"35":[0,0],"36":[0,0],"37":[0,0],"38":[0,0],"39":[0,0],"40":[0,0],"41":[0,0],"42":[0,0],"43":[0,0],"44":[0,0],"45":[0,0]},"f":{"1":3,"2":0,"3":0,"4":0,"5":0,"6":0,"7":0,"8":0,"9":0,"10":0,"11":0,"12":0,"13":0,"14":0,"15":0,"16":0,"17":0,"18":0,"19":0,"20":0,"21":0,"22":0,"23":0,"24":0,"25":0,"26":0,"27":0,"28":0,"29":0,"30":0,"31":0,"32":0},"fnMap":{"1":{"name":"Spec","line":38,"loc":{"start":{"line":38,"column":0},"end":{"line":38,"column":26}}},"2":{"name":"(anonymous_2)","line":55,"loc":{"start":{"line":55,"column":24},"end":{"line":55,"column":42}}},"3":{"name":"(anonymous_3)","line":57,"loc":{"start":{"line":57,"column":16},"end":{"line":57,"column":40}}},"4":{"name":"(anonymous_4)","line":62,"loc":{"start":{"line":62,"column":15},"end":{"line":62,"column":31}}},"5":{"name":"(anonymous_5)","line":65,"loc":{"start":{"line":65,"column":25},"end":{"line":65,"column":37}}},"6":{"name":"(anonymous_6)","line":68,"loc":{"start":{"line":68,"column":25},"end":{"line":68,"column":37}}},"7":{"name":"(anonymous_7)","line":71,"loc":{"start":{"line":71,"column":23},"end":{"line":71,"column":40}}},"8":{"name":"specGet","line":84,"loc":{"start":{"line":84,"column":21},"end":{"line":84,"column":45}}},"9":{"name":"specGet","line":93,"loc":{"start":{"line":93,"column":21},"end":{"line":93,"column":45}}},"10":{"name":"specHas","line":100,"loc":{"start":{"line":100,"column":21},"end":{"line":100,"column":45}}},"11":{"name":"specSet","line":108,"loc":{"start":{"line":108,"column":21},"end":{"line":108,"column":51}}},"12":{"name":"(anonymous_12)","line":119,"loc":{"start":{"line":119,"column":25},"end":{"line":119,"column":37}}},"13":{"name":"(anonymous_13)","line":120,"loc":{"start":{"line":120,"column":20},"end":{"line":120,"column":32}}},"14":{"name":"(anonymous_14)","line":121,"loc":{"start":{"line":121,"column":22},"end":{"line":121,"column":34}}},"15":{"name":"(anonymous_15)","line":122,"loc":{"start":{"line":122,"column":20},"end":{"line":122,"column":32}}},"16":{"name":"(anonymous_16)","line":123,"loc":{"start":{"line":123,"column":24},"end":{"line":123,"column":36}}},"17":{"name":"(anonymous_17)","line":124,"loc":{"start":{"line":124,"column":24},"end":{"line":124,"column":36}}},"18":{"name":"(anonymous_18)","line":126,"loc":{"start":{"line":126,"column":22},"end":{"line":126,"column":34}}},"19":{"name":"Q","line":127,"loc":{"start":{"line":127,"column":4},"end":{"line":127,"column":21}}},"20":{"name":"(anonymous_20)","line":136,"loc":{"start":{"line":136,"column":21},"end":{"line":136,"column":44}}},"21":{"name":"(anonymous_21)","line":142,"loc":{"start":{"line":142,"column":26},"end":{"line":142,"column":38}}},"22":{"name":"(anonymous_22)","line":145,"loc":{"start":{"line":145,"column":16},"end":{"line":145,"column":37}}},"23":{"name":"(anonymous_23)","line":156,"loc":{"start":{"line":156,"column":22},"end":{"line":156,"column":44}}},"24":{"name":"(anonymous_24)","line":167,"loc":{"start":{"line":167,"column":16},"end":{"line":167,"column":32}}},"25":{"name":"(anonymous_25)","line":174,"loc":{"start":{"line":174,"column":18},"end":{"line":174,"column":40}}},"26":{"name":"(anonymous_26)","line":192,"loc":{"start":{"line":192,"column":10},"end":{"line":192,"column":25}}},"27":{"name":"(anonymous_27)","line":198,"loc":{"start":{"line":198,"column":10},"end":{"line":198,"column":26}}},"28":{"name":"VersionVectorAsAMap","line":206,"loc":{"start":{"line":206,"column":11},"end":{"line":206,"column":45}}},"29":{"name":"(anonymous_29)","line":212,"loc":{"start":{"line":212,"column":25},"end":{"line":212,"column":50}}},"30":{"name":"(anonymous_30)","line":221,"loc":{"start":{"line":221,"column":28},"end":{"line":221,"column":47}}},"31":{"name":"(anonymous_31)","line":227,"loc":{"start":{"line":227,"column":27},"end":{"line":227,"column":39}}},"32":{"name":"(anonymous_32)","line":237,"loc":{"start":{"line":237,"column":30},"end":{"line":237,"column":46}}}},"statementMap":{"1":{"start":{"line":38,"column":0},"end":{"line":52,"column":1}},"2":{"start":{"line":39,"column":4},"end":{"line":49,"column":5}},"3":{"start":{"line":40,"column":8},"end":{"line":40,"column":24}},"4":{"start":{"line":42,"column":8},"end":{"line":42,"column":37}},"5":{"start":{"line":43,"column":8},"end":{"line":45,"column":9}},"6":{"start":{"line":44,"column":12},"end":{"line":44,"column":30}},"7":{"start":{"line":46,"column":8},"end":{"line":48,"column":9}},"8":{"start":{"line":47,"column":12},"end":{"line":47,"column":59}},"9":{"start":{"line":50,"column":4},"end":{"line":50,"column":21}},"10":{"start":{"line":51,"column":4},"end":{"line":51,"column":19}},"11":{"start":{"line":53,"column":0},"end":{"line":53,"column":22}},"12":{"start":{"line":55,"column":0},"end":{"line":61,"column":2}},"13":{"start":{"line":56,"column":4},"end":{"line":59,"column":18}},"14":{"start":{"line":58,"column":20},"end":{"line":58,"column":69}},"15":{"start":{"line":60,"column":4},"end":{"line":60,"column":66}},"16":{"start":{"line":62,"column":0},"end":{"line":64,"column":2}},"17":{"start":{"line":63,"column":4},"end":{"line":63,"column":57}},"18":{"start":{"line":65,"column":0},"end":{"line":67,"column":2}},"19":{"start":{"line":66,"column":4},"end":{"line":66,"column":27}},"20":{"start":{"line":68,"column":0},"end":{"line":70,"column":2}},"21":{"start":{"line":69,"column":4},"end":{"line":69,"column":36}},"22":{"start":{"line":71,"column":0},"end":{"line":83,"column":2}},"23":{"start":{"line":72,"column":4},"end":{"line":72,"column":72}},"24":{"start":{"line":73,"column":4},"end":{"line":75,"column":5}},"25":{"start":{"line":74,"column":8},"end":{"line":74,"column":25}},"26":{"start":{"line":76,"column":4},"end":{"line":76,"column":34}},"27":{"start":{"line":77,"column":4},"end":{"line":77,"column":44}},"28":{"start":{"line":78,"column":4},"end":{"line":78,"column":42}},"29":{"start":{"line":79,"column":4},"end":{"line":81,"column":5}},"30":{"start":{"line":80,"column":8},"end":{"line":80,"column":25}},"31":{"start":{"line":82,"column":4},"end":{"line":82,"column":60}},"32":{"start":{"line":84,"column":0},"end":{"line":92,"column":2}},"33":{"start":{"line":85,"column":4},"end":{"line":85,"column":38}},"34":{"start":{"line":86,"column":4},"end":{"line":88,"column":5}},"35":{"start":{"line":87,"column":8},"end":{"line":87,"column":18}},"36":{"start":{"line":89,"column":4},"end":{"line":89,"column":33}},"37":{"start":{"line":90,"column":4},"end":{"line":90,"column":44}},"38":{"start":{"line":91,"column":4},"end":{"line":91,"column":21}},"39":{"start":{"line":93,"column":0},"end":{"line":99,"column":2}},"40":{"start":{"line":94,"column":4},"end":{"line":94,"column":38}},"41":{"start":{"line":95,"column":4},"end":{"line":95,"column":32}},"42":{"start":{"line":95,"column":20},"end":{"line":95,"column":30}},"43":{"start":{"line":96,"column":4},"end":{"line":96,"column":33}},"44":{"start":{"line":97,"column":4},"end":{"line":97,"column":44}},"45":{"start":{"line":98,"column":4},"end":{"line":98,"column":21}},"46":{"start":{"line":100,"column":0},"end":{"line":107,"column":2}},"47":{"start":{"line":101,"column":4},"end":{"line":106,"column":5}},"48":{"start":{"line":102,"column":8},"end":{"line":102,"column":48}},"49":{"start":{"line":104,"column":8},"end":{"line":104,"column":52}},"50":{"start":{"line":105,"column":8},"end":{"line":105,"column":42}},"51":{"start":{"line":108,"column":0},"end":{"line":118,"column":2}},"52":{"start":{"line":109,"column":4},"end":{"line":109,"column":36}},"53":{"start":{"line":110,"column":4},"end":{"line":110,"column":10}},"54":{"start":{"line":111,"column":4},"end":{"line":111,"column":33}},"55":{"start":{"line":112,"column":4},"end":{"line":116,"column":5}},"56":{"start":{"line":113,"column":8},"end":{"line":115,"column":9}},"57":{"start":{"line":114,"column":12},"end":{"line":114,"column":32}},"58":{"start":{"line":117,"column":4},"end":{"line":117,"column":22}},"59":{"start":{"line":119,"column":0},"end":{"line":119,"column":63}},"60":{"start":{"line":119,"column":39},"end":{"line":119,"column":60}},"61":{"start":{"line":120,"column":0},"end":{"line":120,"column":58}},"62":{"start":{"line":120,"column":34},"end":{"line":120,"column":55}},"63":{"start":{"line":121,"column":0},"end":{"line":121,"column":60}},"64":{"start":{"line":121,"column":36},"end":{"line":121,"column":57}},"65":{"start":{"line":122,"column":0},"end":{"line":122,"column":58}},"66":{"start":{"line":122,"column":34},"end":{"line":122,"column":55}},"67":{"start":{"line":123,"column":0},"end":{"line":123,"column":66}},"68":{"start":{"line":123,"column":38},"end":{"line":123,"column":63}},"69":{"start":{"line":124,"column":0},"end":{"line":124,"column":68}},"70":{"start":{"line":124,"column":38},"end":{"line":124,"column":65}},"71":{"start":{"line":126,"column":0},"end":{"line":134,"column":2}},"72":{"start":{"line":127,"column":4},"end":{"line":130,"column":5}},"73":{"start":{"line":128,"column":8},"end":{"line":128,"column":64}},"74":{"start":{"line":129,"column":8},"end":{"line":129,"column":58}},"75":{"start":{"line":132,"column":4},"end":{"line":132,"column":49}},"76":{"start":{"line":133,"column":4},"end":{"line":133,"column":57}},"77":{"start":{"line":136,"column":0},"end":{"line":141,"column":2}},"78":{"start":{"line":137,"column":4},"end":{"line":139,"column":5}},"79":{"start":{"line":138,"column":8},"end":{"line":138,"column":37}},"80":{"start":{"line":140,"column":4},"end":{"line":140,"column":45}},"81":{"start":{"line":142,"column":0},"end":{"line":142,"column":61}},"82":{"start":{"line":142,"column":40},"end":{"line":142,"column":58}},"83":{"start":{"line":145,"column":0},"end":{"line":154,"column":2}},"84":{"start":{"line":146,"column":4},"end":{"line":148,"column":5}},"85":{"start":{"line":147,"column":8},"end":{"line":147,"column":40}},"86":{"start":{"line":149,"column":4},"end":{"line":149,"column":37}},"87":{"start":{"line":150,"column":4},"end":{"line":152,"column":5}},"88":{"start":{"line":151,"column":8},"end":{"line":151,"column":47}},"89":{"start":{"line":153,"column":4},"end":{"line":153,"column":15}},"90":{"start":{"line":156,"column":0},"end":{"line":165,"column":2}},"91":{"start":{"line":157,"column":4},"end":{"line":157,"column":50}},"92":{"start":{"line":158,"column":4},"end":{"line":158,"column":59}},"93":{"start":{"line":159,"column":4},"end":{"line":163,"column":5}},"94":{"start":{"line":160,"column":8},"end":{"line":162,"column":9}},"95":{"start":{"line":161,"column":12},"end":{"line":161,"column":25}},"96":{"start":{"line":164,"column":4},"end":{"line":164,"column":16}},"97":{"start":{"line":167,"column":0},"end":{"line":173,"column":2}},"98":{"start":{"line":168,"column":4},"end":{"line":168,"column":44}},"99":{"start":{"line":169,"column":4},"end":{"line":171,"column":5}},"100":{"start":{"line":170,"column":8},"end":{"line":170,"column":53}},"101":{"start":{"line":172,"column":4},"end":{"line":172,"column":15}},"102":{"start":{"line":174,"column":0},"end":{"line":181,"column":2}},"103":{"start":{"line":175,"column":4},"end":{"line":175,"column":33}},"104":{"start":{"line":176,"column":4},"end":{"line":176,"column":43}},"105":{"start":{"line":177,"column":4},"end":{"line":179,"column":5}},"106":{"start":{"line":178,"column":8},"end":{"line":178,"column":20}},"107":{"start":{"line":180,"column":4},"end":{"line":180,"column":46}},"108":{"start":{"line":183,"column":0},"end":{"line":183,"column":81}},"109":{"start":{"line":184,"column":0},"end":{"line":184,"column":32}},"110":{"start":{"line":185,"column":0},"end":{"line":185,"column":41}},"111":{"start":{"line":186,"column":0},"end":{"line":186,"column":46}},"112":{"start":{"line":187,"column":0},"end":{"line":187,"column":35}},"113":{"start":{"line":188,"column":0},"end":{"line":188,"column":58}},"114":{"start":{"line":189,"column":0},"end":{"line":189,"column":42}},"115":{"start":{"line":190,"column":0},"end":{"line":190,"column":72}},"116":{"start":{"line":191,"column":0},"end":{"line":191,"column":49}},"117":{"start":{"line":192,"column":0},"end":{"line":197,"column":2}},"118":{"start":{"line":193,"column":4},"end":{"line":195,"column":5}},"119":{"start":{"line":194,"column":8},"end":{"line":194,"column":21}},"120":{"start":{"line":196,"column":4},"end":{"line":196,"column":89}},"121":{"start":{"line":198,"column":0},"end":{"line":204,"column":2}},"122":{"start":{"line":199,"column":4},"end":{"line":203,"column":5}},"123":{"start":{"line":200,"column":8},"end":{"line":200,"column":28}},"124":{"start":{"line":202,"column":8},"end":{"line":202,"column":65}},"125":{"start":{"line":206,"column":0},"end":{"line":211,"column":2}},"126":{"start":{"line":207,"column":4},"end":{"line":207,"column":18}},"127":{"start":{"line":208,"column":4},"end":{"line":210,"column":5}},"128":{"start":{"line":209,"column":8},"end":{"line":209,"column":22}},"129":{"start":{"line":212,"column":0},"end":{"line":220,"column":2}},"130":{"start":{"line":213,"column":4},"end":{"line":213,"column":48}},"131":{"start":{"line":214,"column":4},"end":{"line":219,"column":5}},"132":{"start":{"line":215,"column":8},"end":{"line":215,"column":57}},"133":{"start":{"line":216,"column":8},"end":{"line":218,"column":9}},"134":{"start":{"line":217,"column":12},"end":{"line":217,"column":36}},"135":{"start":{"line":221,"column":0},"end":{"line":226,"column":2}},"136":{"start":{"line":222,"column":4},"end":{"line":222,"column":32}},"137":{"start":{"line":223,"column":4},"end":{"line":223,"column":40}},"138":{"start":{"line":224,"column":4},"end":{"line":224,"column":41}},"139":{"start":{"line":225,"column":4},"end":{"line":225,"column":39}},"140":{"start":{"line":227,"column":0},"end":{"line":236,"column":2}},"141":{"start":{"line":228,"column":4},"end":{"line":229,"column":23}},"142":{"start":{"line":230,"column":4},"end":{"line":234,"column":5}},"143":{"start":{"line":231,"column":8},"end":{"line":233,"column":9}},"144":{"start":{"line":232,"column":12},"end":{"line":232,"column":26}},"145":{"start":{"line":235,"column":4},"end":{"line":235,"column":14}},"146":{"start":{"line":237,"column":0},"end":{"line":251,"column":2}},"147":{"start":{"line":238,"column":4},"end":{"line":238,"column":39}},"148":{"start":{"line":239,"column":4},"end":{"line":242,"column":23}},"149":{"start":{"line":243,"column":4},"end":{"line":245,"column":5}},"150":{"start":{"line":244,"column":8},"end":{"line":244,"column":70}},"151":{"start":{"line":246,"column":4},"end":{"line":246,"column":25}},"152":{"start":{"line":247,"column":4},"end":{"line":249,"column":5}},"153":{"start":{"line":248,"column":8},"end":{"line":248,"column":18}},"154":{"start":{"line":250,"column":4},"end":{"line":250,"column":32}}},"branchMap":{"1":{"line":39,"type":"if","locations":[{"start":{"line":39,"column":4},"end":{"line":39,"column":4}},{"start":{"line":39,"column":4},"end":{"line":39,"column":4}}]},"2":{"line":39,"type":"binary-expr","locations":[{"start":{"line":39,"column":8},"end":{"line":39,"column":11}},{"start":{"line":39,"column":15},"end":{"line":39,"column":39}}]},"3":{"line":42,"type":"binary-expr","locations":[{"start":{"line":42,"column":15},"end":{"line":42,"column":18}},{"start":{"line":42,"column":22},"end":{"line":42,"column":24}}]},"4":{"line":43,"type":"if","locations":[{"start":{"line":43,"column":8},"end":{"line":43,"column":8}},{"start":{"line":43,"column":8},"end":{"line":43,"column":8}}]},"5":{"line":43,"type":"binary-expr","locations":[{"start":{"line":43,"column":12},"end":{"line":43,"column":17}},{"start":{"line":43,"column":21},"end":{"line":43,"column":41}}]},"6":{"line":46,"type":"if","locations":[{"start":{"line":46,"column":8},"end":{"line":46,"column":8}},{"start":{"line":46,"column":8},"end":{"line":46,"column":8}}]},"7":{"line":58,"type":"cond-expr","locations":[{"start":{"line":58,"column":58},"end":{"line":58,"column":63}},{"start":{"line":58,"column":66},"end":{"line":58,"column":68}}]},"8":{"line":72,"type":"cond-expr","locations":[{"start":{"line":72,"column":21},"end":{"line":72,"column":58}},{"start":{"line":72,"column":61},"end":{"line":72,"column":71}}]},"9":{"line":73,"type":"if","locations":[{"start":{"line":73,"column":4},"end":{"line":73,"column":4}},{"start":{"line":73,"column":4},"end":{"line":73,"column":4}}]},"10":{"line":79,"type":"if","locations":[{"start":{"line":79,"column":4},"end":{"line":79,"column":4}},{"start":{"line":79,"column":4},"end":{"line":79,"column":4}}]},"11":{"line":86,"type":"if","locations":[{"start":{"line":86,"column":4},"end":{"line":86,"column":4}},{"start":{"line":86,"column":4},"end":{"line":86,"column":4}}]},"12":{"line":91,"type":"binary-expr","locations":[{"start":{"line":91,"column":11},"end":{"line":91,"column":12}},{"start":{"line":91,"column":16},"end":{"line":91,"column":20}}]},"13":{"line":95,"type":"if","locations":[{"start":{"line":95,"column":4},"end":{"line":95,"column":4}},{"start":{"line":95,"column":4},"end":{"line":95,"column":4}}]},"14":{"line":98,"type":"binary-expr","locations":[{"start":{"line":98,"column":11},"end":{"line":98,"column":12}},{"start":{"line":98,"column":16},"end":{"line":98,"column":20}}]},"15":{"line":101,"type":"if","locations":[{"start":{"line":101,"column":4},"end":{"line":101,"column":4}},{"start":{"line":101,"column":4},"end":{"line":101,"column":4}}]},"16":{"line":113,"type":"if","locations":[{"start":{"line":113,"column":8},"end":{"line":113,"column":8}},{"start":{"line":113,"column":8},"end":{"line":113,"column":8}}]},"17":{"line":129,"type":"binary-expr","locations":[{"start":{"line":129,"column":16},"end":{"line":129,"column":45}},{"start":{"line":129,"column":51},"end":{"line":129,"column":56}}]},"18":{"line":133,"type":"cond-expr","locations":[{"start":{"line":133,"column":28},"end":{"line":133,"column":50}},{"start":{"line":133,"column":53},"end":{"line":133,"column":55}}]},"19":{"line":137,"type":"if","locations":[{"start":{"line":137,"column":4},"end":{"line":137,"column":4}},{"start":{"line":137,"column":4},"end":{"line":137,"column":4}}]},"20":{"line":146,"type":"if","locations":[{"start":{"line":146,"column":4},"end":{"line":146,"column":4}},{"start":{"line":146,"column":4},"end":{"line":146,"column":4}}]},"21":{"line":146,"type":"binary-expr","locations":[{"start":{"line":146,"column":8},"end":{"line":146,"column":13}},{"start":{"line":146,"column":17},"end":{"line":146,"column":31}}]},"22":{"line":149,"type":"binary-expr","locations":[{"start":{"line":149,"column":25},"end":{"line":149,"column":31}},{"start":{"line":149,"column":35},"end":{"line":149,"column":36}}]},"23":{"line":150,"type":"binary-expr","locations":[{"start":{"line":150,"column":11},"end":{"line":150,"column":12}},{"start":{"line":150,"column":17},"end":{"line":150,"column":25}}]},"24":{"line":160,"type":"if","locations":[{"start":{"line":160,"column":8},"end":{"line":160,"column":8}},{"start":{"line":160,"column":8},"end":{"line":160,"column":8}}]},"25":{"line":177,"type":"if","locations":[{"start":{"line":177,"column":4},"end":{"line":177,"column":4}},{"start":{"line":177,"column":4},"end":{"line":177,"column":4}}]},"26":{"line":180,"type":"binary-expr","locations":[{"start":{"line":180,"column":29},"end":{"line":180,"column":33}},{"start":{"line":180,"column":37},"end":{"line":180,"column":44}}]},"27":{"line":193,"type":"if","locations":[{"start":{"line":193,"column":4},"end":{"line":193,"column":4}},{"start":{"line":193,"column":4},"end":{"line":193,"column":4}}]},"28":{"line":193,"type":"binary-expr","locations":[{"start":{"line":193,"column":8},"end":{"line":193,"column":20}},{"start":{"line":193,"column":24},"end":{"line":193,"column":41}}]},"29":{"line":196,"type":"binary-expr","locations":[{"start":{"line":196,"column":11},"end":{"line":196,"column":35}},{"start":{"line":196,"column":39},"end":{"line":196,"column":88}}]},"30":{"line":199,"type":"if","locations":[{"start":{"line":199,"column":4},"end":{"line":199,"column":4}},{"start":{"line":199,"column":4},"end":{"line":199,"column":4}}]},"31":{"line":202,"type":"cond-expr","locations":[{"start":{"line":202,"column":43},"end":{"line":202,"column":47}},{"start":{"line":202,"column":50},"end":{"line":202,"column":64}}]},"32":{"line":208,"type":"if","locations":[{"start":{"line":208,"column":4},"end":{"line":208,"column":4}},{"start":{"line":208,"column":4},"end":{"line":208,"column":4}}]},"33":{"line":215,"type":"binary-expr","locations":[{"start":{"line":215,"column":38},"end":{"line":215,"column":45}},{"start":{"line":215,"column":49},"end":{"line":215,"column":56}}]},"34":{"line":216,"type":"if","locations":[{"start":{"line":216,"column":8},"end":{"line":216,"column":8}},{"start":{"line":216,"column":8},"end":{"line":216,"column":8}}]},"35":{"line":216,"type":"binary-expr","locations":[{"start":{"line":216,"column":20},"end":{"line":216,"column":36}},{"start":{"line":216,"column":40},"end":{"line":216,"column":42}}]},"36":{"line":224,"type":"binary-expr","locations":[{"start":{"line":224,"column":25},"end":{"line":224,"column":29}},{"start":{"line":224,"column":33},"end":{"line":224,"column":40}}]},"37":{"line":225,"type":"binary-expr","locations":[{"start":{"line":225,"column":18},"end":{"line":225,"column":31}},{"start":{"line":225,"column":35},"end":{"line":225,"column":37}}]},"38":{"line":231,"type":"if","locations":[{"start":{"line":231,"column":8},"end":{"line":231,"column":8}},{"start":{"line":231,"column":8},"end":{"line":231,"column":8}}]},"39":{"line":231,"type":"binary-expr","locations":[{"start":{"line":231,"column":12},"end":{"line":231,"column":15}},{"start":{"line":231,"column":19},"end":{"line":231,"column":32}}]},"40":{"line":238,"type":"binary-expr","locations":[{"start":{"line":238,"column":11},"end":{"line":238,"column":15}},{"start":{"line"
[...]
ne":34,"column":28}},"18":{"start":{"line":36,"column":20},"end":{"line":49,"column":21}},"19":{"start":{"line":37,"column":24},"end":{"line":37,"column":52}},"20":{"start":{"line":38,"column":24},"end":{"line":38,"column":45}},"21":{"start":{"line":39,"column":24},"end":{"line":39,"column":39}},"22":{"start":{"line":41,"column":24},"end":{"line":48,"column":25}},"23":{"start":{"line":42,"column":28},"end":{"line":42,"column":51}},"24":{"start":{"line":43,"column":28},"end":{"line":43,"column":99}},"25":{"start":{"line":44,"column":28},"end":{"line":44,"column":43}},"26":{"start":{"line":45,"column":28},"end":{"line":47,"column":29}},"27":{"start":{"line":46,"column":32},"end":{"line":46,"column":41}},"28":{"start":{"line":52,"column":12},"end":{"line":54,"column":13}},"29":{"start":{"line":53,"column":16},"end":{"line":53,"column":55}},"30":{"start":{"line":55,"column":12},"end":{"line":55,"column":37}},"31":{"start":{"line":56,"column":12},"end":{"line":56,"column":26}},"32":{"start":{"line":57,"column":12},"end":{"line":57,"column":27}},"33":{"start":{"line":60,"column":12},"end":{"line":60,"column":33}},"34":{"start":{"line":61,"column":12},"end":{"line":61,"column":35}},"35":{"start":{"line":62,"column":12},"end":{"line":69,"column":13}},"36":{"start":{"line":63,"column":16},"end":{"line":63,"column":46}},"37":{"start":{"line":64,"column":16},"end":{"line":64,"column":37}},"38":{"start":{"line":65,"column":16},"end":{"line":68,"column":17}},"39":{"start":{"line":66,"column":20},"end":{"line":66,"column":38}},"40":{"start":{"line":67,"column":20},"end":{"line":67,"column":31}},"41":{"start":{"line":70,"column":12},"end":{"line":70,"column":37}},"42":{"start":{"line":71,"column":12},"end":{"line":71,"column":26}},"43":{"start":{"line":72,"column":12},"end":{"line":72,"column":27}},"44":{"start":{"line":87,"column":8},"end":{"line":87,"column":77}},"45":{"start":{"line":90,"column":8},"end":{"line":90,"column":50}},"46":{"start":{"line":91,"column":8},"end":{"line":91,"column":54}},"47":{"start":{"line":92,"column":8},"end":{"line":92,"column":57}},"48":{"start":{"line":93,"column":8},"end":{"line":93,"column":17}},"49":{"start":{"line":95,"column":8},"end":{"line":99,"column":9}},"50":{"start":{"line":96,"column":12},"end":{"line":98,"column":13}},"51":{"start":{"line":97,"column":16},"end":{"line":97,"column":43}},"52":{"start":{"line":101,"column":8},"end":{"line":101,"column":16}},"53":{"start":{"line":103,"column":8},"end":{"line":120,"column":9}},"54":{"start":{"line":104,"column":12},"end":{"line":104,"column":52}},"55":{"start":{"line":105,"column":12},"end":{"line":119,"column":13}},"56":{"start":{"line":107,"column":16},"end":{"line":107,"column":34}},"57":{"start":{"line":108,"column":16},"end":{"line":108,"column":48}},"58":{"start":{"line":109,"column":16},"end":{"line":109,"column":22}},"59":{"start":{"line":111,"column":16},"end":{"line":111,"column":32}},"60":{"start":{"line":112,"column":16},"end":{"line":115,"column":17}},"61":{"start":{"line":113,"column":20},"end":{"line":113,"column":69}},"62":{"start":{"line":114,"column":20},"end":{"line":114,"column":27}},"63":{"start":{"line":116,"column":16},"end":{"line":116,"column":22}},"64":{"start":{"line":118,"column":16},"end":{"line":118,"column":33}},"65":{"start":{"line":121,"column":8},"end":{"line":121,"column":30}},"66":{"start":{"line":122,"column":8},"end":{"line":122,"column":32}},"67":{"start":{"line":126,"column":0},"end":{"line":154,"column":2}},"68":{"start":{"line":127,"column":4},"end":{"line":127,"column":17}},"69":{"start":{"line":129,"column":4},"end":{"line":129,"column":16}},"70":{"start":{"line":130,"column":4},"end":{"line":132,"column":5}},"71":{"start":{"line":131,"column":8},"end":{"line":131,"column":14}},"72":{"start":{"line":133,"column":4},"end":{"line":133,"column":17}},"73":{"start":{"line":134,"column":4},"end":{"line":137,"column":5}},"74":{"start":{"line":136,"column":8},"end":{"line":136,"column":15}},"75":{"start":{"line":138,"column":4},"end":{"line":140,"column":5}},"76":{"start":{"line":139,"column":8},"end":{"line":139,"column":44}},"77":{"start":{"line":141,"column":4},"end":{"line":141,"column":37}},"78":{"start":{"line":142,"column":4},"end":{"line":144,"column":5}},"79":{"start":{"line":143,"column":8},"end":{"line":143,"column":45}},"80":{"start":{"line":145,"column":4},"end":{"line":145,"column":37}},"81":{"start":{"line":146,"column":4},"end":{"line":148,"column":5}},"82":{"start":{"line":147,"column":8},"end":{"line":147,"column":45}},"83":{"start":{"line":149,"column":4},"end":{"line":151,"column":5}},"84":{"start":{"line":150,"column":8},"end":{"line":150,"column":46}},"85":{"start":{"line":152,"column":4},"end":{"line":152,"column":15}},"86":{"start":{"line":156,"column":0},"end":{"line":156,"column":22}}},"branchMap":{"1":{"line":24,"type":"binary-expr","locations":[{"start":{"line":24,"column":43},"end":{"line":24,"column":54}},{"start":{"line":24,"column":58},"end":{"line":24,"column":62}}]},"2":{"line":30,"type":"if","locations":[{"start":{"line":30,"column":16},"end":{"line":30,"column":16}},{"start":{"line":30,"column":16},"end":{"line":30,"column":16}}]},"3":{"line":33,"type":"binary-expr","locations":[{"start":{"line":33,"column":27},"end":{"line":33,"column":48}},{"start":{"line":33,"column":52},"end":{"line":33,"column":73}}]},"4":{"line":36,"type":"if","locations":[{"start":{"line":36,"column":20},"end":{"line":36,"column":20}},{"start":{"line":36,"column":20},"end":{"line":36,"column":20}}]},"5":{"line":43,"type":"cond-expr","locations":[{"start":{"line":43,"column":53},"end":{"line":43,"column":77}},{"start":{"line":43,"column":80},"end":{"line":43,"column":82}}]},"6":{"line":45,"type":"if","locations":[{"start":{"line":45,"column":28},"end":{"line":45,"column":28}},{"start":{"line":45,"column":28},"end":{"line":45,"column":28}}]},"7":{"line":52,"type":"if","locations":[{"start":{"line":52,"column":12},"end":{"line":52,"column":12}},{"start":{"line":52,"column":12},"end":{"line":52,"column":12}}]},"8":{"line":65,"type":"if","locations":[{"start":{"line":65,"column":16},"end":{"line":65,"column":16}},{"start":{"line":65,"column":16},"end":{"line":65,"column":16}}]},"9":{"line":105,"type":"switch","locations":[{"start":{"line":106,"column":12},"end":{"line":109,"column":22}},{"start":{"line":110,"column":12},"end":{"line":116,"column":22}},{"start":{"line":117,"column":12},"end":{"line":118,"column":33}}]},"10":{"line":107,"type":"binary-expr","locations":[{"start":{"line":107,"column":16},"end":{"line":107,"column":19}},{"start":{"line":107,"column":24},"end":{"line":107,"column":32}}]},"11":{"line":111,"type":"binary-expr","locations":[{"start":{"line":111,"column":16},"end":{"line":111,"column":18}},{"start":{"line":111,"column":23},"end":{"line":111,"column":30}}]},"12":{"line":121,"type":"binary-expr","locations":[{"start":{"line":121,"column":8},"end":{"line":121,"column":10}},{"start":{"line":121,"column":14},"end":{"line":121,"column":29}}]},"13":{"line":122,"type":"binary-expr","locations":[{"start":{"line":122,"column":8},"end":{"line":122,"column":11}},{"start":{"line":122,"column":15},"end":{"line":122,"column":31}}]},"14":{"line":130,"type":"binary-expr","locations":[{"start":{"line":130,"column":11},"end":{"line":130,"column":27}},{"start":{"line":130,"column":31},"end":{"line":130,"column":46}},{"start":{"line":130,"column":50},"end":{"line":130,"column":84}}]},"15":{"line":134,"type":"binary-expr","locations":[{"start":{"line":134,"column":11},"end":{"line":134,"column":34}},{"start":{"line":134,"column":38},"end":{"line":134,"column":60}},{"start":{"line":135,"column":4},"end":{"line":135,"column":73}}]},"16":{"line":138,"type":"if","locations":[{"start":{"line":138,"column":4},"end":{"line":138,"column":4}},{"start":{"line":138,"column":4},"end":{"line":138,"column":4}}]},"17":{"line":142,"type":"if","locations":[{"start":{"line":142,"column":4},"end":{"line":142,"column":4}},{"start":{"line":142,"column":4},"end":{"line":142,"column":4}}]},"18":{"line":146,"type":"if","locations":[{"start":{"line":146,"column":4},"end":{"line":146,"column":4}},{"start":{"line":146,"column":4},"end":{"line":146,"column":4}}]},"19":{"line":149,"type":"if","locations":[{"start":{"line":149,"column":4},"end":{"line":149,"column":4}},{"start":{"line":149,"column":4},"end":{"line":149,"column":4}}]}},"code":["\"use strict\";","","var Spec = require('./Spec');","var Syncable = require('./Syncable');","","var Text = Syncable.extend('Text', {","    // naive uncompressed CT weave implementation","    defaults: {","        weave: '\\n',","        ids: {type:Array, value:'00000+swarm'},","        text: '',","        _oplog: Object","    },","","    neutrals: {","        state: function (spec, text, src) {","            console.log('what?');","        }","    },","    ops: {","        insert: function (spec, ins, src) {","            var w1 = [], w4 = [];","            var vt = spec.token('!'), v = vt.bare;","            var ts = v.substr(0, 5), seq = v.substr(5) || '00';","            var seqi = Spec.base2int(seq);","            for (var i = 0; i < this.weave.length; i++) {","                var id = this.ids[i];","                w1.push(this.weave.charAt(i));","                w4.push(id);","                if (id in ins) {","                    var str = ins[id].toString();","                    var k = i + 1;","                    while (k < this.weave.length && this.ids[k] > vt.body) {","                        k++;","                    }","                    if (k > i + 1) { // concurrent edits","                        var newid = this.ids[k - 1];","                        ins[newid] = ins[id];","                        delete ins[id];","                    } else {","                        for (var j = 0; j < str.length; j++) {","                            w1.push(str.charAt(j)); // FIXME overfill","                            var genTs = ts + (seqi ? Spec.int2base(seqi++, 2) : '') + '+' + vt.ext;","                            w4.push(genTs);","                            if (!seqi) {","                                seqi = 1; // FIXME repeat ids, double insert","                            }","                        }","                    }","                }","            }","            if (genTs) {","                this._host.clock.checkTimestamp(genTs);","            }","            this.weave = w1.join('');","            this.ids = w4;","            this.rebuild();","        },","        remove: function (spec, rm, src) {","            var w1 = [], w4 = [];","            var v = spec.version();","            for (var i = 0; i < this.weave.length; i++) {","                w1.push(this.weave.charAt(i));","                w4.push(this.ids[i]);","                if (this.ids[i] in rm) {","                    w1.push('\\u0008');","                    w4.push(v);","                }","            }","            this.weave = w1.join('');","            this.ids = w4;","            this.rebuild();","        }","    },","    rebuild: function () {","        /*var re = /([^\\u0008][\\u0008]+)|([^\\u0008])/g, m=[];","         var text = [], tids = [], pos = 0;","         while (m=re.exec(this.weave)) {","         if (m[2]) {","         text.push(m[2]);","         tids.push(this.ids[pos]);","         }","         pos += m[0].length;","         }","","         this.tids = tids;*/","        this.text = this.weave.replace(/[^\\u0008][\\u0008]+/mg, '').substr(1);","    },","    set: function (newText) {","        var patch = Text.diff(this.text, newText);","        var rm = null, ins = null, weave = this.weave;","        var re_atom = /[^\\u0008]([^\\u0008][\\u0008]+)*/mg;","        var atom;","","        function skip(n) {","            for (n = n || 1; n > 0; n--) {","                atom = re_atom.exec(weave);","            }","        }","","        skip(1); // \\n #00000+swarm","","        for (var i = 0; i < patch.length; i++) {","            var op = patch[i][0], val = patch[i][1];","            switch (op) {","            case '+':","                ins || (ins = {});","                ins[this.ids[atom.index]] = val;","                break;","            case '-':","                rm || (rm = {});","                for (var r = 0; r < val.length; r++) {","                    rm[this.ids[atom.index + atom[0].length]] = true;","                    skip();","                }","                break;","            case '=':","                skip(val.length);","            }","        }","        rm && this.remove(rm);","        ins && this.insert(ins);","    }","});","","Text.diff = function diff(was, is) {","    var ret = [];","    // prefix suffix the rest is change","    var pre = 0;","    while (pre < was.length && pre < is.length && was.charAt(pre) === is.charAt(pre)) {","        pre++;","    }","    var post = 0;","    while (post < was.length - pre && post < is.length - pre &&","    was.charAt(was.length - post - 1) === is.charAt(is.length - post - 1)) {","        post++;","    }","    if (pre) {","        ret.push(['=', was.substr(0, pre)]);","    }","    var ins = is.length - pre - post;","    if (ins) {","        ret.push(['+', is.substr(pre, ins)]);","    }","    var rm = was.length - pre - post;","    if (rm) {","        ret.push(['-', was.substr(pre, rm)]);","    }","    if (post) {","        ret.push(['=', was.substr(pre + rm)]);","    }","    return ret;","","};","","module.exports = Text;",""],"l":{"3":1,"4":1,"6":1,"17":0,"22":0,"23":0,"24":0,"25":0,"26":0,"27":0,"28":0,"29":0,"30":0,"31":0,"32":0,"33":0,"34":0,"36":0,"37":0,"38":0,"39":0,"41":0,"42":0,"43":0,"44":0,"45":0,"46":0,"52":0,"53":0,"55":0,"56":0,"57":0,"60":0,"61":0,"62":0,"63":0,"64":0,"65":0,"66":0,"67":0,"70":0,"71":0,"72":0,"87":0,"90":0,"91":0,"92":0,"93":0,"95":1,"96":0,"97":0,"101":0,"103":0,"104":0,"105":0,"107":0,"108":0,"109":0,"111":0,"112":0,"113":0,"114":0,"116":0,"118":0,"121":0,"122":0,"126":1,"127":0,"129":0,"130":0,"131":0,"133":0,"134":0,"136":0,"138":0,"139":0,"141":0,"142":0,"143":0,"145":0,"146":0,"147":0,"149":0,"150":0,"152":0,"156":1}},"/home/travis/build/npmtest/node-npmtest-swarm/node_modules/swarm/lib/WebSocketStream.js":{"path":"/home/travis/build/npmtest/node-npmtest-swarm/node_modules/swarm/lib/WebSocketStream.js","s":{"1":1,"2":1,"3":0,"4":0,"5":0,"6":0,"7":0,"8":0,"9":0,"10":0,"11":0,"12":0,"13":0,"14":0,"15":0,"16":0,"17":0,"18":0,"19":1,"20":0,"21":0,"22":0,"23":0,"24":0,"25":0,"26":1,"27":0,"28":0,"29":0,"30":1,"31":1},"b":{"1":[0,0],"2":[0,0],"3":[0,0],"4":[0,0],"5":[0,0]},"f":{"1":0,"2":0,"3":0,"4":0,"5":0,"6":0,"7":0,"8":0},"fnMap":{"1":{"name":"WebSocketStream","line":5,"loc":{"start":{"line":5,"column":0},"end":{"line":5,"column":30}}},"2":{"name":"(anonymous_2)","line":11,"loc":{"start":{"line":11,"column":16},"end":{"line":11,"column":28}}},"3":{"name":"(anonymous_3)","line":19,"loc":{"start":{"line":19,"column":17},"end":{"line":19,"column":29}}},"4":{"name":"(anonymous_4)","line":20,"loc":{"start":{"line":20,"column":19},"end":{"line":20,"column":34}}},"5":{"name":"(anonymous_5)","line":23,"loc":{"start":{"line":23,"column":17},"end":{"line":23,"column":32}}},"6":{"name":"(anonymous_6)","line":26,"loc":{"start":{"line":26,"column":31},"end":{"line":26,"column":53}}},"7":{"name":"(anonymous_7)","line":30,"loc":{"start":{"line":30,"column":28},"end":{"line":30,"column":40}}},"8":{"name":"(anonymous_8)","line":39,"loc":{"start":{"line":39,"column":34},"end":{"line":39,"column":50}}}},"statementMap":{"1":{"start":{"line":3,"column":0},"end":{"line":3,"column":27}},"2":{"start":{"line":5,"column":0},"end":{"line":24,"column":1}},"3":{"start":{"line":6,"column":4},"end":{"line":6,"column":20}},"4":{"start":{"line":7,"column":4},"end":{"line":7,"column":28}},"5":{"start":{"line":8,"column":4},"end":{"line":8,"column":19}},"6":{"start":{"line":9,"column":4},"end":{"line":9,"column":42}},"7":{"start":{"line":10,"column":4},"end":{"line":10,"column":28}},"8":{"start":{"line":11,"column":4},"end":{"line":18,"column":6}},"9":{"start":{"line":12,"column":8},"end":{"line":12,"column":22}},"10":{"start":{"line":13,"column":8},"end":{"line":13,"column":24}},"11":{"start":{"line":14,"column":8},"end":{"line":16,"column":9}},"12":{"start":{"line":15,"column":12},"end":{"line":15,"column":34}},"13":{"start":{"line":19,"column":4},"end":{"line":19,"column":57}},"14":{"start":{"line":19,"column":31},"end":{"line":19,"column":54}},"15":{"start":{"line":20,"column":4},"end":{"line":22,"column":6}},"16":{"start":{"line":21,"column":8},"end":{"line":21,"column":37}},"17":{"start":{"line":23,"column":4},"end":{"line":23,"column":63}},"18":{"start":{"line":23,"column":34},"end":{"line":23,"column":60}},"19":{"start":{"line":26,"column":0},"end":{"line":37,"column":2}},"20":{"start":{"line":27,"column":4},"end":{"line":36,"column":5}},"21":{"start":{"line":28,"column":8},"end":{"line":29,"column":40}},"22":{"start":{"line":30,"column":8},"end":{"line":33,"column":10}},"23":{"start":{"line":31,"column":12},"end":{"line":31,"column":43}},"24":{"start":{"line":32,"column":12},"end":{"line":32,"column":38}},"25":{"start":{"line":35,"column":8},"end":{"line":35,"column":31}},"26":{"start":{"line":39,"column":0},"end":{"line":45,"column":2}},"27":{"start":{"line":40,"column":4},"end":{"line":44,"column":5}},"28":{"start":{"line":41,"column":8},"end":{"line":41,"column":28}},"29":{"start":{"line":43,"column":8},"end":{"line":43,"column":27}},"30":{"start":{"line":47,"column":0},"end":{"line":47,"column":51}},"31":{"start":{"line":48,"column":0},"end":{"line":48,"column":33}}},"branchMap":{"1":{"line":19,"type":"binary-expr","locations":[{"start":{"line":19,"column":31},"end":{"line":19,"column":39}},{"start":{"line":19,"column":43},"end":{"line":19,"column":53}}]},"2":{"line":21,"type":"binary-expr","locations":[{"start":{"line":21,"column":8},"end":{"line":21,"column":15}},{"start":{"line":21,"column":19},"end":{"line":21,"column":36}}]},"3":{"line":23,"type":"binary-expr","locations":[{"start":{"line":23,"column":34},"end":{"line":23,"column":42}},{"start":{"line":23,"column":46},"end":{"line":23,"column":59}}]},"4":{"line":27,"type":"if","locations":[{"start":{"line":27,"column":4},"end":{"line":27,"column":4}},{"start":{"line":27,"column":4},"end":{"line":27,"column":4}}]},"5":{"line":40,"type":"if","locations":[{"start":{"line":40,"column":4},"end":{"line":40,"column":4}},{"start":{"line":40,"column":4},"end":{"line":40,"column":4}}]}},"code":["\"use strict\";","","var env = require('./env');","","function WebSocketStream(url) {","    var self = this;","    var ln = this.lstn = {};","    this.url = url;","    var ws = this.ws = new WebSocket(url);","    var buf = this.buf = [];","    ws.onopen = function () {","        buf.reverse();","        self.buf = null;","        while (buf.length) {","            self.write(buf.pop());","        }","","    };","    ws.onclose = function () { ln.close && ln.close(); };","    ws.onmessage = function (msg) {","        ln.data && ln.data(msg.data);","    };","    ws.onerror = function (err) { ln.error && ln.error(err); };","}","","WebSocketStream.prototype.on = function (evname, fn) {","    if (evname in this.lstn) {","        var self = this,","            prev_fn = this.lstn[evname];","        this.lstn[evname] = function () {","            prev_fn.apply(self, arguments);","            fn.apply(self, arguments);","        };","    } else {","        this.lstn[evname] = fn;","    }","};","","WebSocketStream.prototype.write = function (data) {","    if (this.buf) {","        this.buf.push(data);","    } else {","        this.ws.send(data);","    }","};","","env.streams.ws = env.streams.wss = WebSocketStream;","module.exports = WebSocketStream;",""],"l":{"3":1,"5":1,"6":0,"7":0,"8":0,"9":0,"10":0,"11":0,"12":0,"13":0,"14":0,"15":0,"19":0,"20":0,"21":0,"23":0,"26":1,"27":0,"28":0,"30":0,"31":0,"32":0,"35":0,"39":1,"40":0,"41":0,"43":0,"47":1,"48":1}}}